[2024-05-23 00:24:09] [ WARN ] [BD:37] org.h2.Driver
[2024-05-23 00:24:44] [ INFO ] [OdontologoDAOH2:44] iniciando busqueda por id: 1
[2024-05-23 00:24:44] [ ERROR] [OdontologoDAOH2:57] org.h2.Driver
[2024-05-23 00:29:13] [ WARN ] [BD:37] org.h2.Driver
[2024-05-23 00:30:39] [ WARN ] [BD:37] Tabla "DOMICILIOS" no encontrada
Table "DOMICILIOS" not found; SQL statement:
INSERT INTO DOMICILIOS (CALLE, NUMERO, LOCALIDAD, PROVINCIA) VALUES ('Siempre viva',742,'Springfield','USA'), ('Siempre viva',742,'Springfield','USA') [42102-224]
[2024-05-23 00:31:36] [ INFO ] [BD:34] tabla creada con exito
[2024-05-23 00:31:48] [ INFO ] [OdontologoDAOH2:44] iniciando busqueda por id: 1
[2024-05-27 22:42:18] [ INFO ] [BD:32] tabla creada con exito
[2024-05-27 22:43:30] [ INFO ] [PacienteDAOH2:57] iniciando la busqueda de un paciente por id: 1
[2024-05-27 22:49:10] [ INFO ] [BD:32] tabla creada con exito
[2024-05-27 22:49:47] [ INFO ] [PacienteDAOH2:57] iniciando la busqueda de un paciente por id: 1
[2024-05-27 22:49:47] [ INFO ] [PacienteDAOH2:104] iniciando eliminación de un paciente por id: 1
[2024-05-27 22:49:47] [ INFO ] [PacienteDAOH2:57] iniciando la busqueda de un paciente por id: 1
[2024-05-27 22:49:47] [ INFO ] [DomicilioDaoH2:90] iniciando eliminación de un domicilio por id: 1
[2024-05-27 22:49:47] [ INFO ] [DomicilioDaoH2:97] Domicilio eliminado con éxito
[2024-05-27 22:49:47] [ WARN ] [PacienteDAOH2:116] Valor Invalido "7" para el parametro "parameterIndex"
Invalid value "7" for parameter "parameterIndex" [90008-224]
[2024-05-27 22:53:36] [ INFO ] [BD:32] tabla creada con exito
[2024-05-27 22:53:55] [ INFO ] [PacienteDAOH2:122] iniciando la busqueda de todos los pacientes
[2024-05-27 22:53:55] [ INFO ] [PacienteDAOH2:136] Buscado con éxito
[2024-05-27 22:53:55] [ INFO ] [PacienteDAOH2:136] Buscado con éxito
[2024-05-27 23:44:05] [ INFO ] [BD:32] tabla creada con exito
[2024-05-27 23:47:37] [ INFO ] [OdontologoDAOH2:28] inicando la operacion de guardado
[2024-05-27 23:47:37] [ INFO ] [OdontologoDAOH2:41] Odontologo guardado con exito
[2024-05-27 23:47:57] [ INFO ] [OdontologoDAOH2:28] inicando la operacion de guardado
[2024-05-27 23:47:57] [ INFO ] [OdontologoDAOH2:41] Odontologo guardado con exito
[2024-05-27 23:54:11] [ INFO ] [BD:32] tabla creada con exito
[2024-05-27 23:54:30] [ INFO ] [OdontologoDAOH2:28] inicando la operacion de guardado
[2024-05-27 23:54:30] [ INFO ] [OdontologoDAOH2:41] Odontologo guardado con exito
[2024-05-27 23:59:24] [ INFO ] [BD:35] tabla creada con exito
[2024-05-27 23:59:55] [ INFO ] [OdontologoDAOH2:50] iniciando busqueda por id: 1
[2024-05-28 00:12:45] [ INFO ] [OdontologoDAOH2:50] iniciando busqueda por id: 1
[2024-05-28 00:15:12] [ INFO ] [BD:35] tabla creada con exito
[2024-05-28 00:15:37] [ INFO ] [OdontologoDAOH2:28] inicando la operacion de guardado
[2024-05-28 00:15:37] [ INFO ] [OdontologoDAOH2:41] Odontologo guardado con exito
[2024-05-28 00:16:46] [ INFO ] [BD:35] tabla creada con exito
[2024-05-28 00:16:49] [ INFO ] [OdontologoDAOH2:28] inicando la operacion de guardado
[2024-05-28 00:16:49] [ INFO ] [OdontologoDAOH2:41] Odontologo guardado con exito
[2024-05-28 00:17:43] [ INFO ] [OdontologoDAOH2:28] inicando la operacion de guardado
[2024-05-28 00:17:43] [ INFO ] [OdontologoDAOH2:41] Odontologo guardado con exito
[2024-05-28 00:19:00] [ INFO ] [OdontologoDAOH2:50] iniciando busqueda por id: 1
[2024-05-28 00:19:38] [ INFO ] [OdontologoDAOH2:50] iniciando busqueda por id: null
[2024-05-28 00:19:38] [ ERROR] [OdontologoDAOH2:63] Cannot invoke "java.lang.Integer.intValue()" because "id" is null
[2024-05-28 00:20:00] [ INFO ] [OdontologoDAOH2:50] iniciando busqueda por id: 3
[2024-05-28 00:20:00] [ INFO ] [OdontologoDAOH2:70] iniciando actulización de un paciente por id: 3
[2024-05-28 00:20:00] [ WARN ] [OdontologoDAOH2:82] Error de Sintaxis en sentencia SQL "UPDATE ODONTOLOGOS SET(MATRICULA [*]= ?, NOMBRE = ?, APELLIDO = ?) WHERE ID = ?"; se esperaba "., [, ,, )"
Syntax error in SQL statement "UPDATE ODONTOLOGOS SET(MATRICULA [*]= ?, NOMBRE = ?, APELLIDO = ?) WHERE ID = ?"; expected "., [, ,, )"; SQL statement:
UPDATE ODONTOLOGOS SET(MATRICULA = ?, NOMBRE = ?, APELLIDO = ?) WHERE ID = ? [42001-224]
[2024-05-28 00:20:31] [ INFO ] [OdontologoDAOH2:50] iniciando busqueda por id: 3
[2024-05-28 00:21:08] [ INFO ] [OdontologoDAOH2:50] iniciando busqueda por id: 1
[2024-05-28 00:21:08] [ INFO ] [OdontologoDAOH2:88] iniciando eliminación de un paciente por id: 1
[2024-05-28 00:21:08] [ INFO ] [OdontologoDAOH2:95] Odontologo eliminado con éxito
[2024-05-28 00:21:31] [ INFO ] [OdontologoDAOH2:103] Iniciando busqueda de odontologos
[2024-05-28 00:22:53] [ INFO ] [BD:35] tabla creada con exito
[2024-05-28 00:22:58] [ INFO ] [OdontologoDAOH2:50] iniciando busqueda por id: 3
[2024-05-28 00:23:05] [ INFO ] [OdontologoDAOH2:103] Iniciando busqueda de odontologos
[2024-05-28 00:23:21] [ INFO ] [OdontologoDAOH2:28] inicando la operacion de guardado
[2024-05-28 00:23:21] [ INFO ] [OdontologoDAOH2:41] Odontologo guardado con exito
[2024-05-28 00:23:26] [ INFO ] [OdontologoDAOH2:50] iniciando busqueda por id: 3
[2024-05-28 00:23:30] [ INFO ] [OdontologoDAOH2:50] iniciando busqueda por id: 2
[2024-05-28 00:23:30] [ INFO ] [OdontologoDAOH2:70] iniciando actulización de un paciente por id: 2
[2024-05-28 00:23:30] [ INFO ] [OdontologoDAOH2:80] Actualización exitosa
[2024-05-28 00:23:35] [ INFO ] [OdontologoDAOH2:103] Iniciando busqueda de odontologos
[2024-05-28 00:27:37] [ INFO ] [OdontologoDAOH2:50] iniciando busqueda por id: 2
[2024-05-28 00:28:22] [ INFO ] [OdontologoDAOH2:103] Iniciando busqueda de odontologos
[2024-05-28 00:32:29] [ INFO ] [BD:35] tabla creada con exito
[2024-05-28 00:33:53] [ INFO ] [BD:35] tabla creada con exito
[2024-05-28 00:33:57] [ INFO ] [OdontologoDAOH2:28] inicando la operacion de guardado
[2024-05-28 00:33:57] [ INFO ] [OdontologoDAOH2:41] Odontologo guardado con exito
[2024-05-28 14:39:13] [ INFO ] [BD:35] tabla creada con exito
[2024-05-28 14:39:57] [ INFO ] [OdontologoDAOH2:103] Iniciando busqueda de odontologos
[2024-05-28 14:40:13] [ INFO ] [OdontologoDAOH2:28] inicando la operacion de guardado
[2024-05-28 14:40:13] [ WARN ] [OdontologoDAOH2:43] Cannot invoke "java.lang.Integer.intValue()" because the return value of "com.example.ProyectoIntegrador.entity.Odontologo.getMatricula()" is null
[2024-05-28 14:40:43] [ INFO ] [OdontologoDAOH2:28] inicando la operacion de guardado
[2024-05-28 14:40:43] [ INFO ] [OdontologoDAOH2:41] Odontologo guardado con exito
[2024-05-28 14:40:48] [ INFO ] [OdontologoDAOH2:103] Iniciando busqueda de odontologos
[2024-05-28 14:53:45] [ WARN ] [BD:38] Versión del archivo de base de datos no soportada ó encabezado de archivo invalido en archivo "C:/Users/carol.velez/ClinicaOdontologica.mv.db"
Unsupported database file version or invalid file header in file "C:/Users/carol.velez/ClinicaOdontologica.mv.db" [90048-224]
[2024-05-28 14:54:41] [ INFO ] [BD:35] tabla creada con exito
[2024-05-28 14:54:56] [ INFO ] [OdontologoDAOH2:103] Iniciando busqueda de odontologos
[2024-05-28 14:57:17] [ INFO ] [BD:38] tabla creada con exito
[2024-05-28 14:57:53] [ INFO ] [OdontologoDAOH2:103] Iniciando busqueda de odontologos
[2024-05-28 15:33:13] [ INFO ] [BD:38] tabla creada con exito
[2024-05-28 15:33:22] [ INFO ] [OdontologoDAOH2:103] Iniciando busqueda de odontologos
[2024-05-28 15:43:31] [ INFO ] [BD:38] tabla creada con exito
[2024-05-28 15:43:39] [ INFO ] [OdontologoDAOH2:105] iniciando la busqueda de todos los Odontologos
[2024-05-28 15:43:53] [ INFO ] [OdontologoDAOH2:25] Iniciando el guardado de odontologos
[2024-05-28 15:43:53] [ WARN ] [OdontologoDAOH2:41] Cannot invoke "java.lang.Integer.intValue()" because the return value of "com.example.ProyectoIntegrador.entity.Odontologo.getNumeroMatricula()" is null
[2024-05-28 15:44:23] [ INFO ] [OdontologoDAOH2:25] Iniciando el guardado de odontologos
[2024-05-28 15:44:23] [ INFO ] [OdontologoDAOH2:39] Odontologo guardado con exito
[2024-05-28 15:48:02] [ INFO ] [BD:38] tabla creada con exito
[2024-05-28 15:48:10] [ INFO ] [OdontologoDAOH2:105] iniciando la busqueda de todos los Odontologos
[2024-05-28 15:48:16] [ INFO ] [OdontologoDAOH2:25] Iniciando el guardado de odontologos
[2024-05-28 15:48:16] [ INFO ] [OdontologoDAOH2:39] Odontologo guardado con exito
[2024-05-28 15:50:46] [ INFO ] [BD:38] tabla creada con exito
[2024-05-28 15:50:54] [ INFO ] [OdontologoDAOH2:25] Iniciando el guardado de odontologos
[2024-05-28 15:50:54] [ INFO ] [OdontologoDAOH2:39] Odontologo guardado con exito
[2024-05-28 16:34:26] [ INFO ] [BD:38] tabla creada con exito
[2024-05-28 16:34:40] [ INFO ] [OdontologoDAOH2:25] Iniciando el guardado de odontologos
[2024-05-28 16:34:40] [ INFO ] [OdontologoDAOH2:39] Odontologo guardado con exito
[2024-05-28 16:37:51] [ INFO ] [BD:38] tabla creada con exito
[2024-05-29 19:29:08] [ INFO ] [BD:43] tabla creada con exito
[2024-05-29 19:32:58] [ INFO ] [PacienteDAOH2:29] inicando la operacion de guardado
[2024-05-29 19:32:58] [ INFO ] [DomicilioDaoH2:26] iniciando la operacion de : Guardado de un domicilio
[2024-05-29 19:32:58] [ INFO ] [PacienteDAOH2:47] paciente guardado con exito
[2024-05-29 20:24:44] [ INFO ] [BD:43] tabla creada con exito
[2024-05-29 20:25:10] [ INFO ] [PacienteDAOH2:29] inicando la operacion de guardado
[2024-05-29 20:25:10] [ INFO ] [DomicilioDAOH2:26] iniciando la operacion de : Guardado de un domicilio
[2024-05-29 20:25:10] [ INFO ] [PacienteDAOH2:47] paciente guardado con exito
[2024-05-29 20:25:17] [ INFO ] [OdontologoDAOH2:25] Iniciando el guardado de odontologos
[2024-05-29 20:25:17] [ INFO ] [OdontologoDAOH2:39] Odontologo guardado con exito
[2024-05-29 20:27:34] [ INFO ] [PacienteDAOH2:58] iniciando la busqueda de un paciente por id: 1
[2024-05-29 20:27:34] [ INFO ] [DomicilioDAOH2:51] iniciando la operacion de : Buscado de un domicilio
[2024-05-29 20:27:34] [ INFO ] [OdontologoDAOH2:49] iniciando la busqueda de un odontologo por id: 3
[2024-05-29 20:27:34] [ INFO ] [TurnoDAOLISTA:15] iniciando las operaciones de guardado de un turno
[2024-05-29 20:27:34] [ INFO ] [PacienteDAOH2:58] iniciando la busqueda de un paciente por id: 1
[2024-05-29 20:27:34] [ INFO ] [DomicilioDAOH2:51] iniciando la operacion de : Buscado de un domicilio
[2024-05-29 20:27:34] [ INFO ] [OdontologoDAOH2:49] iniciando la busqueda de un odontologo por id: 3
[2024-05-29 20:27:34] [ INFO ] [TurnoDAOLISTA:22] turno guardado
[2024-05-29 20:30:07] [ INFO ] [PacienteDAOH2:58] iniciando la busqueda de un paciente por id: 2
[2024-05-29 20:30:07] [ INFO ] [DomicilioDAOH2:51] iniciando la operacion de : Buscado de un domicilio
[2024-05-29 20:30:07] [ INFO ] [OdontologoDAOH2:49] iniciando la busqueda de un odontologo por id: 1
[2024-05-29 20:30:07] [ INFO ] [TurnoDAOLISTA:15] iniciando las operaciones de guardado de un turno
[2024-05-29 20:30:07] [ INFO ] [PacienteDAOH2:58] iniciando la busqueda de un paciente por id: 2
[2024-05-29 20:30:07] [ INFO ] [DomicilioDAOH2:51] iniciando la operacion de : Buscado de un domicilio
[2024-05-29 20:30:07] [ INFO ] [OdontologoDAOH2:49] iniciando la busqueda de un odontologo por id: 1
[2024-05-29 20:30:07] [ INFO ] [TurnoDAOLISTA:22] turno guardado
[2024-05-29 20:40:55] [ INFO ] [BD:43] tabla creada con exito
[2024-05-29 20:41:52] [ INFO ] [PacienteDAOH2:29] inicando la operacion de guardado
[2024-05-29 20:41:52] [ INFO ] [DomicilioDAOH2:26] iniciando la operacion de : Guardado de un domicilio
[2024-05-29 20:41:53] [ INFO ] [PacienteDAOH2:47] paciente guardado con exito
[2024-05-29 20:41:54] [ INFO ] [OdontologoDAOH2:25] Iniciando el guardado de odontologos
[2024-05-29 20:41:54] [ INFO ] [OdontologoDAOH2:39] Odontologo guardado con exito
[2024-05-29 20:42:00] [ INFO ] [PacienteDAOH2:58] iniciando la busqueda de un paciente por id: 2
[2024-05-29 20:42:00] [ INFO ] [DomicilioDAOH2:51] iniciando la operacion de : Buscado de un domicilio
[2024-05-29 20:42:00] [ INFO ] [OdontologoDAOH2:49] iniciando la busqueda de un odontologo por id: 1
[2024-05-29 20:42:00] [ INFO ] [TurnoDAOLISTA:15] iniciando las operaciones de guardado de un turno
[2024-05-29 20:42:00] [ INFO ] [PacienteDAOH2:58] iniciando la busqueda de un paciente por id: 2
[2024-05-29 20:42:00] [ INFO ] [DomicilioDAOH2:51] iniciando la operacion de : Buscado de un domicilio
[2024-05-29 20:42:00] [ INFO ] [OdontologoDAOH2:49] iniciando la busqueda de un odontologo por id: 1
[2024-05-29 20:42:00] [ INFO ] [TurnoDAOLISTA:22] turno guardado
[2024-05-29 20:42:12] [ INFO ] [PacienteDAOH2:58] iniciando la busqueda de un paciente por id: 1
[2024-05-29 20:42:12] [ INFO ] [DomicilioDAOH2:51] iniciando la operacion de : Buscado de un domicilio
[2024-05-29 20:42:12] [ INFO ] [OdontologoDAOH2:49] iniciando la busqueda de un odontologo por id: 2
[2024-05-29 20:42:12] [ INFO ] [TurnoDAOLISTA:15] iniciando las operaciones de guardado de un turno
[2024-05-29 20:42:12] [ INFO ] [PacienteDAOH2:58] iniciando la busqueda de un paciente por id: 1
[2024-05-29 20:42:12] [ INFO ] [DomicilioDAOH2:51] iniciando la operacion de : Buscado de un domicilio
[2024-05-29 20:42:12] [ INFO ] [OdontologoDAOH2:49] iniciando la busqueda de un odontologo por id: 2
[2024-05-29 20:42:12] [ INFO ] [TurnoDAOLISTA:22] turno guardado
[2024-05-29 20:47:26] [ INFO ] [BD:43] tabla creada con exito
[2024-05-29 20:47:43] [ INFO ] [PacienteDAOH2:29] inicando la operacion de guardado
[2024-05-29 20:47:43] [ INFO ] [DomicilioDAOH2:26] iniciando la operacion de : Guardado de un domicilio
[2024-05-29 20:47:43] [ INFO ] [PacienteDAOH2:47] paciente guardado con exito
[2024-05-29 20:47:45] [ INFO ] [OdontologoDAOH2:25] Iniciando el guardado de odontologos
[2024-05-29 20:47:45] [ INFO ] [OdontologoDAOH2:39] Odontologo guardado con exito
[2024-05-29 20:47:48] [ INFO ] [PacienteDAOH2:58] iniciando la busqueda de un paciente por id: 1
[2024-05-29 20:47:48] [ INFO ] [DomicilioDAOH2:51] iniciando la operacion de : Buscado de un domicilio
[2024-05-29 20:47:48] [ INFO ] [OdontologoDAOH2:49] iniciando la busqueda de un odontologo por id: 2
[2024-05-29 20:47:48] [ INFO ] [TurnoDAOLISTA:17] iniciando las operaciones de guardado de un turno
[2024-05-29 20:47:48] [ INFO ] [PacienteDAOH2:58] iniciando la busqueda de un paciente por id: 1
[2024-05-29 20:47:48] [ INFO ] [DomicilioDAOH2:51] iniciando la operacion de : Buscado de un domicilio
[2024-05-29 20:47:48] [ INFO ] [OdontologoDAOH2:49] iniciando la busqueda de un odontologo por id: 2
[2024-05-29 20:47:48] [ INFO ] [TurnoDAOLISTA:27] turno guardado
[2024-05-29 20:47:57] [ INFO ] [PacienteDAOH2:58] iniciando la busqueda de un paciente por id: 2
[2024-05-29 20:47:58] [ INFO ] [DomicilioDAOH2:51] iniciando la operacion de : Buscado de un domicilio
[2024-05-29 20:47:58] [ INFO ] [OdontologoDAOH2:49] iniciando la busqueda de un odontologo por id: 3
[2024-05-29 20:47:58] [ INFO ] [TurnoDAOLISTA:17] iniciando las operaciones de guardado de un turno
[2024-05-29 20:47:58] [ INFO ] [PacienteDAOH2:58] iniciando la busqueda de un paciente por id: 2
[2024-05-29 20:47:58] [ INFO ] [DomicilioDAOH2:51] iniciando la operacion de : Buscado de un domicilio
[2024-05-29 20:47:58] [ INFO ] [OdontologoDAOH2:49] iniciando la busqueda de un odontologo por id: 3
[2024-05-29 20:47:58] [ INFO ] [TurnoDAOLISTA:27] turno guardado
[2024-05-29 21:07:54] [ INFO ] [BD:43] tabla creada con exito
[2024-05-29 21:08:26] [ INFO ] [PacienteDAOH2:29] inicando la operacion de guardado
[2024-05-29 21:08:26] [ INFO ] [DomicilioDAOH2:26] iniciando la operacion de : Guardado de un domicilio
[2024-05-29 21:08:26] [ INFO ] [PacienteDAOH2:47] paciente guardado con exito
[2024-05-29 21:08:33] [ INFO ] [OdontologoDAOH2:25] Iniciando el guardado de odontologos
[2024-05-29 21:08:33] [ INFO ] [OdontologoDAOH2:39] Odontologo guardado con exito
[2024-05-29 21:08:42] [ INFO ] [PacienteDAOH2:58] iniciando la busqueda de un paciente por id: 2
[2024-05-29 21:08:42] [ INFO ] [DomicilioDAOH2:51] iniciando la operacion de : Buscado de un domicilio
[2024-05-29 21:08:42] [ INFO ] [OdontologoDAOH2:49] iniciando la busqueda de un odontologo por id: 3
[2024-05-29 21:08:42] [ INFO ] [TurnoDAOLISTA:17] iniciando las operaciones de guardado de un turno
[2024-05-29 21:08:42] [ INFO ] [PacienteDAOH2:58] iniciando la busqueda de un paciente por id: 2
[2024-05-29 21:08:42] [ INFO ] [DomicilioDAOH2:51] iniciando la operacion de : Buscado de un domicilio
[2024-05-29 21:08:42] [ INFO ] [OdontologoDAOH2:49] iniciando la busqueda de un odontologo por id: 3
[2024-05-29 21:08:42] [ INFO ] [TurnoDAOLISTA:27] turno guardado
[2024-05-29 21:08:48] [ INFO ] [PacienteDAOH2:58] iniciando la busqueda de un paciente por id: 2
[2024-05-29 21:08:48] [ INFO ] [DomicilioDAOH2:51] iniciando la operacion de : Buscado de un domicilio
[2024-05-29 21:08:48] [ INFO ] [OdontologoDAOH2:49] iniciando la busqueda de un odontologo por id: 3
[2024-05-29 21:08:48] [ INFO ] [TurnoDAOLISTA:17] iniciando las operaciones de guardado de un turno
[2024-05-29 21:08:48] [ INFO ] [PacienteDAOH2:58] iniciando la busqueda de un paciente por id: 2
[2024-05-29 21:08:48] [ INFO ] [DomicilioDAOH2:51] iniciando la operacion de : Buscado de un domicilio
[2024-05-29 21:08:48] [ INFO ] [OdontologoDAOH2:49] iniciando la busqueda de un odontologo por id: 3
[2024-05-29 21:08:48] [ INFO ] [TurnoDAOLISTA:27] turno guardado
[2024-05-29 21:08:56] [ INFO ] [PacienteDAOH2:58] iniciando la busqueda de un paciente por id: 2
[2024-05-29 21:08:56] [ INFO ] [DomicilioDAOH2:51] iniciando la operacion de : Buscado de un domicilio
[2024-05-29 21:08:56] [ INFO ] [OdontologoDAOH2:49] iniciando la busqueda de un odontologo por id: 3
[2024-05-29 21:08:56] [ INFO ] [TurnoDAOLISTA:17] iniciando las operaciones de guardado de un turno
[2024-05-29 21:08:56] [ INFO ] [PacienteDAOH2:58] iniciando la busqueda de un paciente por id: 2
[2024-05-29 21:08:56] [ INFO ] [DomicilioDAOH2:51] iniciando la operacion de : Buscado de un domicilio
[2024-05-29 21:08:56] [ INFO ] [OdontologoDAOH2:49] iniciando la busqueda de un odontologo por id: 3
[2024-05-29 21:08:56] [ INFO ] [TurnoDAOLISTA:27] turno guardado
[2024-05-29 21:09:04] [ INFO ] [PacienteDAOH2:58] iniciando la busqueda de un paciente por id: 1
[2024-05-29 21:09:04] [ INFO ] [DomicilioDAOH2:51] iniciando la operacion de : Buscado de un domicilio
[2024-05-29 21:09:04] [ INFO ] [OdontologoDAOH2:49] iniciando la busqueda de un odontologo por id: 1
[2024-05-29 21:09:04] [ INFO ] [TurnoDAOLISTA:17] iniciando las operaciones de guardado de un turno
[2024-05-29 21:09:04] [ INFO ] [PacienteDAOH2:58] iniciando la busqueda de un paciente por id: 1
[2024-05-29 21:09:04] [ INFO ] [DomicilioDAOH2:51] iniciando la operacion de : Buscado de un domicilio
[2024-05-29 21:09:04] [ INFO ] [OdontologoDAOH2:49] iniciando la busqueda de un odontologo por id: 1
[2024-05-29 21:09:04] [ INFO ] [TurnoDAOLISTA:27] turno guardado
[2024-05-29 21:09:48] [ INFO ] [TurnoDAOLISTA:58] Turno Eliminado
[2024-05-29 21:09:48] [ INFO ] [TurnoDAOLISTA:60] Turno no encontrado
[2024-05-29 21:09:48] [ INFO ] [TurnoDAOLISTA:60] Turno no encontrado
[2024-05-29 21:11:20] [ INFO ] [TurnoDAOLISTA:48] Turno no encontrado
[2024-05-29 21:11:20] [ INFO ] [TurnoDAOLISTA:48] Turno no encontrado
[2024-05-29 21:11:20] [ INFO ] [TurnoDAOLISTA:46] Turno Actualizado
[2024-05-29 21:28:25] [ INFO ] [TurnoDAOLISTA:48] Turno no encontrado
[2024-05-29 21:28:25] [ INFO ] [TurnoDAOLISTA:48] Turno no encontrado
[2024-05-29 21:28:25] [ INFO ] [TurnoDAOLISTA:46] Turno Actualizado
[2024-05-29 21:28:45] [ INFO ] [TurnoDAOLISTA:48] Turno no encontrado
[2024-05-29 21:28:45] [ INFO ] [TurnoDAOLISTA:48] Turno no encontrado
[2024-05-29 21:28:45] [ INFO ] [TurnoDAOLISTA:46] Turno Actualizado
[2024-05-29 22:17:29] [ INFO ] [BD:43] tabla creada con exito
[2024-05-29 22:19:03] [ INFO ] [PacienteDAOH2:29] inicando la operacion de guardado
[2024-05-29 22:19:03] [ INFO ] [DomicilioDAOH2:26] iniciando la operacion de : Guardado de un domicilio
[2024-05-29 22:19:04] [ INFO ] [PacienteDAOH2:47] paciente guardado con exito
[2024-05-29 22:19:12] [ INFO ] [OdontologoDAOH2:25] Iniciando el guardado de odontologos
[2024-05-29 22:19:12] [ INFO ] [OdontologoDAOH2:39] Odontologo guardado con exito
[2024-05-29 22:19:20] [ INFO ] [PacienteDAOH2:58] iniciando la busqueda de un paciente por id: 1
[2024-05-29 22:19:20] [ INFO ] [DomicilioDAOH2:51] iniciando la operacion de : Buscado de un domicilio
[2024-05-29 22:19:20] [ INFO ] [OdontologoDAOH2:49] iniciando la busqueda de un odontologo por id: 1
[2024-05-29 22:19:20] [ INFO ] [TurnoDAOLISTA:17] iniciando las operaciones de guardado de un turno
[2024-05-29 22:19:20] [ INFO ] [PacienteDAOH2:58] iniciando la busqueda de un paciente por id: 1
[2024-05-29 22:19:20] [ INFO ] [DomicilioDAOH2:51] iniciando la operacion de : Buscado de un domicilio
[2024-05-29 22:19:20] [ INFO ] [OdontologoDAOH2:49] iniciando la busqueda de un odontologo por id: 1
[2024-05-29 22:19:20] [ INFO ] [TurnoDAOLISTA:27] turno guardado
[2024-05-29 22:19:27] [ INFO ] [PacienteDAOH2:58] iniciando la busqueda de un paciente por id: 2
[2024-05-29 22:19:27] [ INFO ] [DomicilioDAOH2:51] iniciando la operacion de : Buscado de un domicilio
[2024-05-29 22:19:28] [ INFO ] [OdontologoDAOH2:49] iniciando la busqueda de un odontologo por id: 2
[2024-05-29 22:19:28] [ INFO ] [TurnoDAOLISTA:17] iniciando las operaciones de guardado de un turno
[2024-05-29 22:19:28] [ INFO ] [PacienteDAOH2:58] iniciando la busqueda de un paciente por id: 2
[2024-05-29 22:19:28] [ INFO ] [DomicilioDAOH2:51] iniciando la operacion de : Buscado de un domicilio
[2024-05-29 22:19:28] [ INFO ] [OdontologoDAOH2:49] iniciando la busqueda de un odontologo por id: 2
[2024-05-29 22:19:28] [ INFO ] [TurnoDAOLISTA:27] turno guardado
[2024-05-29 22:20:01] [ INFO ] [TurnoDAOLISTA:58] Turno Eliminado
[2024-05-29 22:22:13] [ INFO ] [TurnoDAOLISTA:46] Turno Actualizado
[2024-05-29 22:23:00] [ INFO ] [TurnoDAOLISTA:46] Turno Actualizado
[2024-05-29 22:35:59] [ INFO ] [BD:43] tabla creada con exito
[2024-05-29 22:36:22] [ INFO ] [PacienteDAOH2:58] iniciando la busqueda de un paciente por id: 2
[2024-05-29 22:36:22] [ INFO ] [DomicilioDAOH2:51] iniciando la operacion de : Buscado de un domicilio
[2024-05-29 22:36:22] [ INFO ] [OdontologoDAOH2:49] iniciando la busqueda de un odontologo por id: 2
[2024-05-29 22:36:22] [ INFO ] [TurnoDAOLISTA:17] iniciando las operaciones de guardado de un turno
[2024-05-29 22:36:22] [ INFO ] [PacienteDAOH2:58] iniciando la busqueda de un paciente por id: 2
[2024-05-29 22:36:22] [ INFO ] [DomicilioDAOH2:51] iniciando la operacion de : Buscado de un domicilio
[2024-05-29 22:36:22] [ INFO ] [OdontologoDAOH2:49] iniciando la busqueda de un odontologo por id: 2
[2024-05-29 22:36:22] [ INFO ] [TurnoDAOLISTA:27] turno guardado
[2024-05-29 22:36:32] [ INFO ] [PacienteDAOH2:58] iniciando la busqueda de un paciente por id: 1
[2024-05-29 22:36:32] [ INFO ] [DomicilioDAOH2:51] iniciando la operacion de : Buscado de un domicilio
[2024-05-29 22:36:32] [ INFO ] [OdontologoDAOH2:49] iniciando la busqueda de un odontologo por id: 1
[2024-05-29 22:36:32] [ INFO ] [TurnoDAOLISTA:17] iniciando las operaciones de guardado de un turno
[2024-05-29 22:36:32] [ INFO ] [PacienteDAOH2:58] iniciando la busqueda de un paciente por id: 1
[2024-05-29 22:36:32] [ INFO ] [DomicilioDAOH2:51] iniciando la operacion de : Buscado de un domicilio
[2024-05-29 22:36:32] [ INFO ] [OdontologoDAOH2:49] iniciando la busqueda de un odontologo por id: 1
[2024-05-29 22:36:32] [ INFO ] [TurnoDAOLISTA:27] turno guardado
[2024-05-29 22:36:58] [ INFO ] [TurnoDAOLISTA:54] Turno no encontrado
[2024-05-29 22:36:58] [ INFO ] [TurnoDAOLISTA:52] Turno Eliminado
[2024-05-29 22:36:58] [ INFO ] [TurnoDAOLISTA:17] iniciando las operaciones de guardado de un turno
[2024-05-29 22:36:58] [ INFO ] [PacienteDAOH2:58] iniciando la busqueda de un paciente por id: 2
[2024-05-29 22:36:58] [ INFO ] [DomicilioDAOH2:51] iniciando la operacion de : Buscado de un domicilio
[2024-05-29 22:36:58] [ INFO ] [OdontologoDAOH2:49] iniciando la busqueda de un odontologo por id: 1
[2024-05-29 22:36:58] [ INFO ] [TurnoDAOLISTA:27] turno guardado
[2024-05-29 22:37:18] [ INFO ] [OdontologoDAOH2:105] iniciando la busqueda de todos los Odontologos
[2024-05-29 22:39:43] [ INFO ] [BD:43] tabla creada con exito
[2024-05-29 22:46:13] [ INFO ] [BD:43] tabla creada con exito
[2024-05-29 22:47:41] [ INFO ] [OdontologoDAOH2:105] iniciando la busqueda de todos los Odontologos
[2024-05-29 22:47:45] [ INFO ] [OdontologoDAOH2:105] iniciando la busqueda de todos los Odontologos
[2024-05-29 22:48:46] [ INFO ] [BD:43] tabla creada con exito
[2024-05-29 22:49:16] [ INFO ] [OdontologoDAOH2:105] iniciando la busqueda de todos los Odontologos
[2024-05-29 22:49:50] [ INFO ] [OdontologoDAOH2:105] iniciando la busqueda de todos los Odontologos
[2024-05-29 22:58:22] [ INFO ] [BD:43] tabla creada con exito
[2024-05-29 22:58:46] [ INFO ] [OdontologoDAOH2:105] iniciando la busqueda de todos los Odontologos
[2024-05-29 22:58:54] [ INFO ] [OdontologoDAOH2:105] iniciando la busqueda de todos los Odontologos
[2024-05-29 22:58:58] [ INFO ] [OdontologoDAOH2:105] iniciando la busqueda de todos los Odontologos
[2024-05-29 23:30:41] [ INFO ] [BD:43] tabla creada con exito
[2024-05-29 23:31:08] [ INFO ] [OdontologoDAOH2:105] iniciando la busqueda de todos los Odontologos
[2024-05-29 23:31:09] [ INFO ] [OdontologoDAOH2:105] iniciando la busqueda de todos los Odontologos
[2024-05-30 20:51:48] [ INFO ] [BD:43] tabla creada con exito
[2024-05-30 20:52:10] [ INFO ] [OdontologoDAOH2:105] iniciando la busqueda de todos los Odontologos
[2024-05-30 20:52:11] [ INFO ] [OdontologoDAOH2:105] iniciando la busqueda de todos los Odontologos
[2024-05-30 21:30:01] [ INFO ] [BD:43] tabla creada con exito
[2024-05-30 21:30:11] [ INFO ] [OdontologoDAOH2:105] iniciando la busqueda de todos los Odontologos
[2024-05-30 21:30:11] [ INFO ] [OdontologoDAOH2:105] iniciando la busqueda de todos los Odontologos
[2024-05-30 21:30:12] [ INFO ] [OdontologoDAOH2:105] iniciando la busqueda de todos los Odontologos
[2024-05-30 21:30:12] [ INFO ] [OdontologoDAOH2:105] iniciando la busqueda de todos los Odontologos
[2024-05-30 21:31:24] [ INFO ] [OdontologoDAOH2:105] iniciando la busqueda de todos los Odontologos
[2024-05-30 21:31:24] [ INFO ] [OdontologoDAOH2:105] iniciando la busqueda de todos los Odontologos
[2024-05-30 21:35:10] [ INFO ] [BD:43] tabla creada con exito
[2024-05-30 21:35:37] [ INFO ] [OdontologoDAOH2:105] iniciando la busqueda de todos los Odontologos
[2024-05-30 21:38:10] [ INFO ] [BD:43] tabla creada con exito
[2024-05-30 21:38:18] [ INFO ] [OdontologoDAOH2:105] iniciando la busqueda de todos los Odontologos
[2024-05-30 21:38:36] [ INFO ] [OdontologoDAOH2:105] iniciando la busqueda de todos los Odontologos
[2024-05-30 21:39:07] [ INFO ] [BD:43] tabla creada con exito
[2024-05-30 21:39:18] [ INFO ] [OdontologoDAOH2:105] iniciando la busqueda de todos los Odontologos
[2024-05-30 21:40:39] [ INFO ] [BD:43] tabla creada con exito
[2024-05-30 21:41:03] [ INFO ] [OdontologoDAOH2:105] iniciando la busqueda de todos los Odontologos
[2024-05-30 21:43:06] [ INFO ] [BD:43] tabla creada con exito
[2024-05-30 21:43:13] [ INFO ] [OdontologoDAOH2:105] iniciando la busqueda de todos los Odontologos
[2024-05-30 21:43:17] [ INFO ] [OdontologoDAOH2:105] iniciando la busqueda de todos los Odontologos
[2024-05-30 21:45:45] [ INFO ] [BD:43] tabla creada con exito
[2024-05-30 21:45:53] [ INFO ] [OdontologoDAOH2:105] iniciando la busqueda de todos los Odontologos
[2024-05-30 21:46:49] [ INFO ] [BD:43] tabla creada con exito
[2024-05-30 21:47:59] [ INFO ] [OdontologoDAOH2:105] iniciando la busqueda de todos los Odontologos
[2024-05-30 21:48:35] [ INFO ] [OdontologoDAOH2:105] iniciando la busqueda de todos los Odontologos
[2024-05-30 21:48:55] [ INFO ] [BD:43] tabla creada con exito
[2024-05-30 21:49:01] [ INFO ] [OdontologoDAOH2:105] iniciando la busqueda de todos los Odontologos
[2024-05-30 21:49:28] [ INFO ] [OdontologoDAOH2:105] iniciando la busqueda de todos los Odontologos
[2024-05-30 21:53:15] [ INFO ] [BD:43] tabla creada con exito
[2024-05-30 21:53:32] [ INFO ] [OdontologoDAOH2:105] iniciando la busqueda de todos los Odontologos
[2024-05-30 22:04:17] [ WARN ] [BD:45] Columna "NUMERO_MATRICULA" no encontrada
Column "NUMERO_MATRICULA" not found; SQL statement:
INSERT INTO ODONTOLOGOS (NUMERO_MATRICULA, NOMBRE, APELLIDO) VALUES(12345,'Carol','Velez'),(678945,'Ingrid','Munera') [42122-224]
[2024-05-30 22:04:22] [ INFO ] [OdontologoDAOH2:105] iniciando la busqueda de todos los Odontologos
[2024-05-30 22:04:25] [ INFO ] [OdontologoDAOH2:105] iniciando la busqueda de todos los Odontologos
[2024-05-30 22:05:04] [ WARN ] [BD:45] Columna "NUMERO_MATRICULA" no encontrada
Column "NUMERO_MATRICULA" not found; SQL statement:
INSERT INTO ODONTOLOGOS (NUMERO_MATRICULA, NOMBRE, APELLIDO) VALUES('12345','Carol','Velez'),('678945','Ingrid','Munera') [42122-224]
[2024-05-30 22:05:12] [ INFO ] [OdontologoDAOH2:105] iniciando la busqueda de todos los Odontologos
[2024-05-30 22:06:17] [ WARN ] [BD:45] Columna "NUMERO_MATRICULA" no encontrada
Column "NUMERO_MATRICULA" not found; SQL statement:
INSERT INTO ODONTOLOGOS (NUMERO_MATRICULA, NOMBRE, APELLIDO) VALUES('12345','Carol','Velez'),('678945','Ingrid','Munera') [42122-224]
[2024-05-30 22:06:48] [ INFO ] [OdontologoDAOH2:105] iniciando la busqueda de todos los Odontologos
[2024-05-30 22:08:22] [ INFO ] [BD:42] tabla creada con exito
[2024-05-30 22:08:43] [ INFO ] [OdontologoDAOH2:105] iniciando la busqueda de todos los Odontologos
[2024-05-30 22:08:51] [ INFO ] [OdontologoDAOH2:105] iniciando la busqueda de todos los Odontologos
[2024-05-30 22:09:28] [ INFO ] [OdontologoDAOH2:105] iniciando la busqueda de todos los Odontologos
[2024-05-30 22:36:04] [ INFO ] [BD:42] tabla creada con exito
[2024-05-30 22:36:17] [ INFO ] [OdontologoDAOH2:105] iniciando la busqueda de todos los Odontologos
[2024-05-30 22:36:38] [ INFO ] [OdontologoDAOH2:25] Iniciando el guardado de odontologos
[2024-05-30 22:36:38] [ INFO ] [OdontologoDAOH2:39] Odontologo guardado con exito
[2024-05-30 22:36:40] [ INFO ] [OdontologoDAOH2:105] iniciando la busqueda de todos los Odontologos
[2024-05-30 22:37:00] [ INFO ] [OdontologoDAOH2:25] Iniciando el guardado de odontologos
[2024-05-30 22:37:00] [ INFO ] [OdontologoDAOH2:39] Odontologo guardado con exito
[2024-05-30 22:37:01] [ INFO ] [OdontologoDAOH2:105] iniciando la busqueda de todos los Odontologos
[2024-05-30 22:39:10] [ INFO ] [OdontologoDAOH2:25] Iniciando el guardado de odontologos
[2024-05-30 22:39:10] [ INFO ] [OdontologoDAOH2:39] Odontologo guardado con exito
[2024-05-30 22:39:12] [ INFO ] [OdontologoDAOH2:105] iniciando la busqueda de todos los Odontologos
[2024-05-30 22:39:15] [ INFO ] [OdontologoDAOH2:105] iniciando la busqueda de todos los Odontologos
[2024-05-30 22:39:31] [ INFO ] [OdontologoDAOH2:25] Iniciando el guardado de odontologos
[2024-05-30 22:39:31] [ INFO ] [OdontologoDAOH2:39] Odontologo guardado con exito
[2024-05-30 22:41:03] [ INFO ] [BD:42] tabla creada con exito
[2024-05-30 22:41:13] [ INFO ] [OdontologoDAOH2:105] iniciando la busqueda de todos los Odontologos
[2024-05-30 22:41:21] [ INFO ] [OdontologoDAOH2:25] Iniciando el guardado de odontologos
[2024-05-30 22:41:21] [ INFO ] [OdontologoDAOH2:39] Odontologo guardado con exito
[2024-05-30 22:42:02] [ INFO ] [BD:42] tabla creada con exito
[2024-05-30 22:42:13] [ INFO ] [OdontologoDAOH2:105] iniciando la busqueda de todos los Odontologos
[2024-05-30 22:42:28] [ INFO ] [OdontologoDAOH2:25] Iniciando el guardado de odontologos
[2024-05-30 22:42:28] [ INFO ] [OdontologoDAOH2:39] Odontologo guardado con exito
[2024-05-30 22:43:51] [ INFO ] [OdontologoDAOH2:25] Iniciando el guardado de odontologos
[2024-05-30 22:43:51] [ INFO ] [OdontologoDAOH2:39] Odontologo guardado con exito
[2024-05-30 22:44:00] [ INFO ] [OdontologoDAOH2:25] Iniciando el guardado de odontologos
[2024-05-30 22:44:00] [ INFO ] [OdontologoDAOH2:39] Odontologo guardado con exito
[2024-05-30 22:44:04] [ INFO ] [OdontologoDAOH2:105] iniciando la busqueda de todos los Odontologos
[2024-05-30 22:52:31] [ INFO ] [BD:42] tabla creada con exito
[2024-05-30 22:52:43] [ INFO ] [OdontologoDAOH2:105] iniciando la busqueda de todos los Odontologos
[2024-05-30 22:52:51] [ INFO ] [OdontologoDAOH2:25] Iniciando el guardado de odontologos
[2024-05-30 22:52:51] [ INFO ] [OdontologoDAOH2:39] Odontologo guardado con exito
[2024-05-30 22:52:52] [ INFO ] [OdontologoDAOH2:105] iniciando la busqueda de todos los Odontologos
[2024-05-30 22:52:53] [ INFO ] [OdontologoDAOH2:49] iniciando la busqueda de un odontologo por id: 3
[2024-05-30 22:53:06] [ INFO ] [OdontologoDAOH2:49] iniciando la busqueda de un odontologo por id: 3
[2024-05-30 22:53:06] [ INFO ] [OdontologoDAOH2:70] iniciando la actualizacion de : omar con id : 3
[2024-05-30 22:53:06] [ INFO ] [OdontologoDAOH2:105] iniciando la busqueda de todos los Odontologos
[2024-05-30 22:53:15] [ INFO ] [OdontologoDAOH2:105] iniciando la busqueda de todos los Odontologos
[2024-05-30 22:55:20] [ INFO ] [BD:42] tabla creada con exito
[2024-05-30 22:55:28] [ INFO ] [OdontologoDAOH2:105] iniciando la busqueda de todos los Odontologos
[2024-05-30 22:55:34] [ INFO ] [OdontologoDAOH2:25] Iniciando el guardado de odontologos
[2024-05-30 22:55:34] [ INFO ] [OdontologoDAOH2:39] Odontologo guardado con exito
[2024-05-30 22:55:35] [ INFO ] [OdontologoDAOH2:105] iniciando la busqueda de todos los Odontologos
[2024-05-30 22:55:37] [ INFO ] [OdontologoDAOH2:49] iniciando la busqueda de un odontologo por id: 3
[2024-05-30 22:55:37] [ INFO ] [OdontologoDAOH2:89] eliminando registro
[2024-05-30 22:55:37] [ INFO ] [OdontologoDAOH2:96] Odontologo eliminado
[2024-05-30 22:55:38] [ INFO ] [OdontologoDAOH2:49] iniciando la busqueda de un odontologo por id: 3
[2024-05-30 22:55:41] [ INFO ] [OdontologoDAOH2:105] iniciando la busqueda de todos los Odontologos
[2024-05-30 22:56:01] [ INFO ] [OdontologoDAOH2:105] iniciando la busqueda de todos los Odontologos
[2024-05-30 22:56:07] [ INFO ] [OdontologoDAOH2:25] Iniciando el guardado de odontologos
[2024-05-30 22:56:07] [ INFO ] [OdontologoDAOH2:39] Odontologo guardado con exito
[2024-05-30 22:56:08] [ INFO ] [OdontologoDAOH2:105] iniciando la busqueda de todos los Odontologos
[2024-05-30 22:56:11] [ INFO ] [OdontologoDAOH2:49] iniciando la busqueda de un odontologo por id: 4
[2024-05-30 22:56:11] [ INFO ] [OdontologoDAOH2:89] eliminando registro
[2024-05-30 22:56:11] [ INFO ] [OdontologoDAOH2:96] Odontologo eliminado
[2024-05-30 22:56:12] [ INFO ] [OdontologoDAOH2:105] iniciando la busqueda de todos los Odontologos
[2024-05-30 23:08:28] [ INFO ] [BD:42] tabla creada con exito
[2024-05-30 23:08:36] [ INFO ] [OdontologoDAOH2:105] iniciando la busqueda de todos los Odontologos
[2024-05-30 23:08:44] [ INFO ] [OdontologoDAOH2:25] Iniciando el guardado de odontologos
[2024-05-30 23:08:44] [ INFO ] [OdontologoDAOH2:39] Odontologo guardado con exito
[2024-05-30 23:08:49] [ INFO ] [OdontologoDAOH2:25] Iniciando el guardado de odontologos
[2024-05-30 23:08:49] [ INFO ] [OdontologoDAOH2:39] Odontologo guardado con exito
[2024-05-30 23:08:50] [ INFO ] [OdontologoDAOH2:105] iniciando la busqueda de todos los Odontologos
[2024-05-30 23:08:52] [ INFO ] [OdontologoDAOH2:49] iniciando la busqueda de un odontologo por id: 4
[2024-05-30 23:08:52] [ INFO ] [OdontologoDAOH2:89] eliminando registro
[2024-05-30 23:08:52] [ INFO ] [OdontologoDAOH2:96] Odontologo eliminado
[2024-05-30 23:08:57] [ INFO ] [OdontologoDAOH2:105] iniciando la busqueda de todos los Odontologos
[2024-05-30 23:10:31] [ INFO ] [BD:42] tabla creada con exito
[2024-05-30 23:10:53] [ INFO ] [OdontologoDAOH2:105] iniciando la busqueda de todos los Odontologos
[2024-05-30 23:10:59] [ INFO ] [OdontologoDAOH2:25] Iniciando el guardado de odontologos
[2024-05-30 23:10:59] [ INFO ] [OdontologoDAOH2:39] Odontologo guardado con exito
[2024-05-30 23:11:02] [ INFO ] [OdontologoDAOH2:25] Iniciando el guardado de odontologos
[2024-05-30 23:11:03] [ INFO ] [OdontologoDAOH2:39] Odontologo guardado con exito
[2024-05-30 23:11:04] [ INFO ] [OdontologoDAOH2:105] iniciando la busqueda de todos los Odontologos
[2024-05-30 23:11:07] [ INFO ] [OdontologoDAOH2:49] iniciando la busqueda de un odontologo por id: 4
[2024-05-30 23:11:07] [ INFO ] [OdontologoDAOH2:89] eliminando registro
[2024-05-30 23:11:07] [ INFO ] [OdontologoDAOH2:96] Odontologo eliminado
[2024-05-30 23:12:45] [ INFO ] [BD:42] tabla creada con exito
[2024-05-30 23:12:54] [ INFO ] [OdontologoDAOH2:105] iniciando la busqueda de todos los Odontologos
[2024-05-30 23:13:08] [ INFO ] [OdontologoDAOH2:25] Iniciando el guardado de odontologos
[2024-05-30 23:13:08] [ INFO ] [OdontologoDAOH2:39] Odontologo guardado con exito
[2024-05-30 23:13:09] [ INFO ] [OdontologoDAOH2:105] iniciando la busqueda de todos los Odontologos
[2024-05-30 23:13:10] [ INFO ] [OdontologoDAOH2:49] iniciando la busqueda de un odontologo por id: 3
[2024-05-30 23:13:10] [ INFO ] [OdontologoDAOH2:89] eliminando registro
[2024-05-30 23:13:10] [ INFO ] [OdontologoDAOH2:96] Odontologo eliminado
[2024-05-30 23:13:12] [ INFO ] [OdontologoDAOH2:49] iniciando la busqueda de un odontologo por id: 3
[2024-05-30 23:13:12] [ INFO ] [OdontologoDAOH2:49] iniciando la busqueda de un odontologo por id: 3
[2024-05-30 23:13:12] [ INFO ] [OdontologoDAOH2:49] iniciando la busqueda de un odontologo por id: 3
[2024-05-30 23:13:12] [ INFO ] [OdontologoDAOH2:49] iniciando la busqueda de un odontologo por id: 3
[2024-05-30 23:13:14] [ INFO ] [OdontologoDAOH2:105] iniciando la busqueda de todos los Odontologos
[2024-05-30 23:13:43] [ INFO ] [BD:42] tabla creada con exito
[2024-05-30 23:13:58] [ INFO ] [BD:42] tabla creada con exito
[2024-05-30 23:14:05] [ INFO ] [OdontologoDAOH2:105] iniciando la busqueda de todos los Odontologos
[2024-05-30 23:14:07] [ INFO ] [OdontologoDAOH2:49] iniciando la busqueda de un odontologo por id: 2
[2024-05-30 23:14:07] [ INFO ] [OdontologoDAOH2:89] eliminando registro
[2024-05-30 23:14:07] [ INFO ] [OdontologoDAOH2:96] Odontologo eliminado
[2024-05-30 23:14:44] [ INFO ] [BD:42] tabla creada con exito
[2024-05-30 23:14:49] [ INFO ] [OdontologoDAOH2:105] iniciando la busqueda de todos los Odontologos
[2024-05-30 23:14:52] [ INFO ] [OdontologoDAOH2:49] iniciando la busqueda de un odontologo por id: 2
[2024-05-30 23:14:58] [ INFO ] [OdontologoDAOH2:49] iniciando la busqueda de un odontologo por id: 2
[2024-05-30 23:14:58] [ INFO ] [OdontologoDAOH2:70] iniciando la actualizacion de : Ingridkkk con id : 2
[2024-05-30 23:14:58] [ INFO ] [OdontologoDAOH2:105] iniciando la busqueda de todos los Odontologos
[2024-05-30 23:15:03] [ INFO ] [OdontologoDAOH2:105] iniciando la busqueda de todos los Odontologos
[2024-05-30 23:15:07] [ INFO ] [OdontologoDAOH2:49] iniciando la busqueda de un odontologo por id: 2
[2024-05-30 23:15:07] [ INFO ] [OdontologoDAOH2:89] eliminando registro
[2024-05-30 23:15:07] [ INFO ] [OdontologoDAOH2:96] Odontologo eliminado
[2024-05-30 23:15:10] [ INFO ] [OdontologoDAOH2:105] iniciando la busqueda de todos los Odontologos
[2024-05-30 23:15:23] [ INFO ] [OdontologoDAOH2:105] iniciando la busqueda de todos los Odontologos
[2024-05-30 23:15:25] [ INFO ] [OdontologoDAOH2:49] iniciando la busqueda de un odontologo por id: 1
[2024-05-30 23:15:25] [ INFO ] [OdontologoDAOH2:89] eliminando registro
[2024-05-30 23:15:25] [ INFO ] [OdontologoDAOH2:96] Odontologo eliminado
[2024-05-30 23:15:27] [ INFO ] [OdontologoDAOH2:105] iniciando la busqueda de todos los Odontologos
[2024-05-30 23:15:45] [ INFO ] [BD:42] tabla creada con exito
[2024-05-30 23:16:01] [ INFO ] [OdontologoDAOH2:105] iniciando la busqueda de todos los Odontologos
[2024-05-30 23:16:25] [ INFO ] [OdontologoDAOH2:105] iniciando la busqueda de todos los Odontologos
[2024-05-30 23:16:31] [ INFO ] [OdontologoDAOH2:25] Iniciando el guardado de odontologos
[2024-05-30 23:16:31] [ INFO ] [OdontologoDAOH2:39] Odontologo guardado con exito
[2024-05-30 23:16:32] [ INFO ] [OdontologoDAOH2:105] iniciando la busqueda de todos los Odontologos
[2024-05-30 23:16:34] [ INFO ] [OdontologoDAOH2:49] iniciando la busqueda de un odontologo por id: 3
[2024-05-30 23:16:35] [ INFO ] [OdontologoDAOH2:49] iniciando la busqueda de un odontologo por id: 2
[2024-05-30 23:16:41] [ INFO ] [OdontologoDAOH2:49] iniciando la busqueda de un odontologo por id: 2
[2024-05-30 23:16:41] [ INFO ] [OdontologoDAOH2:70] iniciando la actualizacion de : Ingridjjjj con id : 2
[2024-05-30 23:16:41] [ INFO ] [OdontologoDAOH2:105] iniciando la busqueda de todos los Odontologos
[2024-05-30 23:16:44] [ INFO ] [OdontologoDAOH2:49] iniciando la busqueda de un odontologo por id: 3
[2024-05-30 23:16:44] [ INFO ] [OdontologoDAOH2:89] eliminando registro
[2024-05-30 23:16:44] [ INFO ] [OdontologoDAOH2:96] Odontologo eliminado
[2024-05-31 08:07:41] [ INFO ] [BD:42] tabla creada con exito
[2024-05-31 08:09:55] [ INFO ] [PacienteDAOH2:127] iniciando la busqueda de todos los pacientes
[2024-05-31 08:09:55] [ INFO ] [DomicilioDAOH2:51] iniciando la operacion de : Buscado de un domicilio
[2024-05-31 08:09:55] [ INFO ] [DomicilioDAOH2:51] iniciando la operacion de : Buscado de un domicilio
[2024-05-31 15:26:35] [ INFO ] [BD:42] tabla creada con exito
[2024-05-31 15:28:08] [ INFO ] [OdontologoDAOH2:105] iniciando la busqueda de todos los Odontologos
[2024-05-31 15:28:10] [ INFO ] [OdontologoDAOH2:105] iniciando la busqueda de todos los Odontologos
[2024-05-31 15:28:12] [ INFO ] [OdontologoDAOH2:49] iniciando la busqueda de un odontologo por id: 2
[2024-05-31 15:28:12] [ INFO ] [OdontologoDAOH2:89] eliminando registro
[2024-05-31 15:28:12] [ INFO ] [OdontologoDAOH2:96] Odontologo eliminado
[2024-05-31 15:28:14] [ INFO ] [OdontologoDAOH2:105] iniciando la busqueda de todos los Odontologos
[2024-05-31 15:56:57] [ INFO ] [BD:42] tabla creada con exito
[2024-05-31 16:24:18] [ INFO ] [OdontologoDAOH2:105] iniciando la busqueda de todos los Odontologos
[2024-05-31 16:24:32] [ INFO ] [OdontologoDAOH2:49] iniciando la busqueda de un odontologo por id: 2
[2024-05-31 16:24:37] [ INFO ] [OdontologoDAOH2:49] iniciando la busqueda de un odontologo por id: 2
[2024-05-31 16:24:37] [ INFO ] [OdontologoDAOH2:70] iniciando la actualizacion de : Ingrid con id : 2
[2024-05-31 16:24:37] [ INFO ] [OdontologoDAOH2:105] iniciando la busqueda de todos los Odontologos
[2024-06-01 09:17:34] [ INFO ] [BD:42] tabla creada con exito
[2024-06-01 09:18:04] [ INFO ] [PacienteDAOH2:127] iniciando la busqueda de todos los pacientes
[2024-06-01 09:18:05] [ INFO ] [DomicilioDAOH2:51] iniciando la operacion de : Buscado de un domicilio
[2024-06-01 09:18:05] [ INFO ] [DomicilioDAOH2:51] iniciando la operacion de : Buscado de un domicilio
[2024-06-01 09:18:17] [ INFO ] [PacienteDAOH2:127] iniciando la busqueda de todos los pacientes
[2024-06-01 09:18:17] [ INFO ] [DomicilioDAOH2:51] iniciando la operacion de : Buscado de un domicilio
[2024-06-01 09:18:17] [ INFO ] [DomicilioDAOH2:51] iniciando la operacion de : Buscado de un domicilio
[2024-06-01 09:27:12] [ INFO ] [BD:42] tabla creada con exito
[2024-06-01 09:27:49] [ INFO ] [PacienteDAOH2:127] iniciando la busqueda de todos los pacientes
[2024-06-01 09:27:49] [ INFO ] [DomicilioDAOH2:51] iniciando la operacion de : Buscado de un domicilio
[2024-06-01 09:27:49] [ INFO ] [DomicilioDAOH2:51] iniciando la operacion de : Buscado de un domicilio
[2024-06-01 09:27:59] [ INFO ] [OdontologoDAOH2:105] iniciando la busqueda de todos los Odontologos
[2024-06-01 09:28:59] [ INFO ] [PacienteDAOH2:127] iniciando la busqueda de todos los pacientes
[2024-06-01 09:28:59] [ INFO ] [DomicilioDAOH2:51] iniciando la operacion de : Buscado de un domicilio
[2024-06-01 09:28:59] [ INFO ] [DomicilioDAOH2:51] iniciando la operacion de : Buscado de un domicilio
[2024-06-01 09:33:58] [ INFO ] [BD:42] tabla creada con exito
[2024-06-01 09:34:50] [ INFO ] [PacienteDAOH2:127] iniciando la busqueda de todos los pacientes
[2024-06-01 09:34:51] [ INFO ] [DomicilioDAOH2:51] iniciando la operacion de : Buscado de un domicilio
[2024-06-01 09:34:51] [ INFO ] [DomicilioDAOH2:51] iniciando la operacion de : Buscado de un domicilio
[2024-06-01 09:35:55] [ INFO ] [OdontologoDAOH2:105] iniciando la busqueda de todos los Odontologos
[2024-06-01 09:36:08] [ INFO ] [PacienteDAOH2:127] iniciando la busqueda de todos los pacientes
[2024-06-01 09:36:08] [ INFO ] [DomicilioDAOH2:51] iniciando la operacion de : Buscado de un domicilio
[2024-06-01 09:36:08] [ INFO ] [DomicilioDAOH2:51] iniciando la operacion de : Buscado de un domicilio
[2024-06-01 09:36:43] [ INFO ] [OdontologoDAOH2:105] iniciando la busqueda de todos los Odontologos
[2024-06-01 09:36:54] [ INFO ] [PacienteDAOH2:127] iniciando la busqueda de todos los pacientes
[2024-06-01 09:36:54] [ INFO ] [DomicilioDAOH2:51] iniciando la operacion de : Buscado de un domicilio
[2024-06-01 09:36:54] [ INFO ] [DomicilioDAOH2:51] iniciando la operacion de : Buscado de un domicilio
[2024-06-01 09:37:23] [ INFO ] [OdontologoDAOH2:105] iniciando la busqueda de todos los Odontologos
[2024-06-01 09:43:12] [ INFO ] [BD:42] tabla creada con exito
[2024-06-01 09:43:31] [ INFO ] [PacienteDAOH2:127] iniciando la busqueda de todos los pacientes
[2024-06-01 09:43:31] [ INFO ] [DomicilioDAOH2:51] iniciando la operacion de : Buscado de un domicilio
[2024-06-01 09:43:31] [ INFO ] [DomicilioDAOH2:51] iniciando la operacion de : Buscado de un domicilio
[2024-06-01 09:43:39] [ INFO ] [OdontologoDAOH2:105] iniciando la busqueda de todos los Odontologos
[2024-06-01 09:44:05] [ INFO ] [OdontologoDAOH2:105] iniciando la busqueda de todos los Odontologos
[2024-06-01 09:44:18] [ INFO ] [PacienteDAOH2:127] iniciando la busqueda de todos los pacientes
[2024-06-01 09:44:18] [ INFO ] [DomicilioDAOH2:51] iniciando la operacion de : Buscado de un domicilio
[2024-06-01 09:44:18] [ INFO ] [DomicilioDAOH2:51] iniciando la operacion de : Buscado de un domicilio
[2024-06-01 09:44:23] [ INFO ] [PacienteDAOH2:127] iniciando la busqueda de todos los pacientes
[2024-06-01 09:44:23] [ INFO ] [DomicilioDAOH2:51] iniciando la operacion de : Buscado de un domicilio
[2024-06-01 09:44:23] [ INFO ] [DomicilioDAOH2:51] iniciando la operacion de : Buscado de un domicilio
[2024-06-01 09:44:25] [ INFO ] [OdontologoDAOH2:105] iniciando la busqueda de todos los Odontologos
[2024-06-01 09:46:49] [ INFO ] [OdontologoDAOH2:105] iniciando la busqueda de todos los Odontologos
[2024-06-01 09:47:20] [ INFO ] [PacienteDAOH2:127] iniciando la busqueda de todos los pacientes
[2024-06-01 09:47:20] [ INFO ] [DomicilioDAOH2:51] iniciando la operacion de : Buscado de un domicilio
[2024-06-01 09:47:20] [ INFO ] [DomicilioDAOH2:51] iniciando la operacion de : Buscado de un domicilio
[2024-06-01 09:49:05] [ INFO ] [OdontologoDAOH2:105] iniciando la busqueda de todos los Odontologos
[2024-06-01 09:54:36] [ INFO ] [BD:42] tabla creada con exito
[2024-06-01 10:26:40] [ INFO ] [PacienteDAOH2:29] inicando la operacion de guardado
[2024-06-01 10:26:41] [ INFO ] [DomicilioDAOH2:26] iniciando la operacion de : Guardado de un domicilio
[2024-06-01 10:26:41] [ INFO ] [PacienteDAOH2:47] paciente guardado con exito
[2024-06-01 10:26:58] [ INFO ] [PacienteDAOH2:29] inicando la operacion de guardado
[2024-06-01 10:26:58] [ INFO ] [DomicilioDAOH2:26] iniciando la operacion de : Guardado de un domicilio
[2024-06-01 10:26:58] [ INFO ] [PacienteDAOH2:47] paciente guardado con exito
[2024-06-01 10:27:01] [ INFO ] [PacienteDAOH2:127] iniciando la busqueda de todos los pacientes
[2024-06-01 10:27:01] [ INFO ] [DomicilioDAOH2:51] iniciando la operacion de : Buscado de un domicilio
[2024-06-01 10:27:02] [ INFO ] [DomicilioDAOH2:51] iniciando la operacion de : Buscado de un domicilio
[2024-06-01 10:27:02] [ INFO ] [DomicilioDAOH2:51] iniciando la operacion de : Buscado de un domicilio
[2024-06-01 10:27:02] [ INFO ] [DomicilioDAOH2:51] iniciando la operacion de : Buscado de un domicilio
[2024-06-01 10:33:11] [ INFO ] [BD:42] tabla creada con exito
[2024-06-01 10:33:24] [ INFO ] [PacienteDAOH2:127] iniciando la busqueda de todos los pacientes
[2024-06-01 10:33:24] [ INFO ] [DomicilioDAOH2:51] iniciando la operacion de : Buscado de un domicilio
[2024-06-01 10:33:24] [ INFO ] [DomicilioDAOH2:51] iniciando la operacion de : Buscado de un domicilio
[2024-06-01 10:33:29] [ INFO ] [OdontologoDAOH2:105] iniciando la busqueda de todos los Odontologos
[2024-06-01 10:33:36] [ INFO ] [PacienteDAOH2:127] iniciando la busqueda de todos los pacientes
[2024-06-01 10:33:36] [ INFO ] [DomicilioDAOH2:51] iniciando la operacion de : Buscado de un domicilio
[2024-06-01 10:33:36] [ INFO ] [DomicilioDAOH2:51] iniciando la operacion de : Buscado de un domicilio
[2024-06-01 10:33:40] [ INFO ] [OdontologoDAOH2:105] iniciando la busqueda de todos los Odontologos
[2024-06-01 10:40:46] [ INFO ] [BD:42] tabla creada con exito
[2024-06-01 10:44:33] [ INFO ] [PacienteDAOH2:127] iniciando la busqueda de todos los pacientes
[2024-06-01 10:44:33] [ INFO ] [DomicilioDAOH2:51] iniciando la operacion de : Buscado de un domicilio
[2024-06-01 10:44:33] [ INFO ] [DomicilioDAOH2:51] iniciando la operacion de : Buscado de un domicilio
[2024-06-01 10:45:35] [ INFO ] [PacienteDAOH2:29] inicando la operacion de guardado
[2024-06-01 10:45:35] [ INFO ] [DomicilioDAOH2:26] iniciando la operacion de : Guardado de un domicilio
[2024-06-01 10:45:35] [ INFO ] [PacienteDAOH2:47] paciente guardado con exito
[2024-06-01 10:45:45] [ INFO ] [PacienteDAOH2:127] iniciando la busqueda de todos los pacientes
[2024-06-01 10:45:45] [ INFO ] [DomicilioDAOH2:51] iniciando la operacion de : Buscado de un domicilio
[2024-06-01 10:45:45] [ INFO ] [DomicilioDAOH2:51] iniciando la operacion de : Buscado de un domicilio
[2024-06-01 10:45:45] [ INFO ] [DomicilioDAOH2:51] iniciando la operacion de : Buscado de un domicilio
[2024-06-01 10:45:52] [ INFO ] [PacienteDAOH2:127] iniciando la busqueda de todos los pacientes
[2024-06-01 10:45:52] [ INFO ] [DomicilioDAOH2:51] iniciando la operacion de : Buscado de un domicilio
[2024-06-01 10:45:52] [ INFO ] [DomicilioDAOH2:51] iniciando la operacion de : Buscado de un domicilio
[2024-06-01 10:45:52] [ INFO ] [DomicilioDAOH2:51] iniciando la operacion de : Buscado de un domicilio
[2024-06-01 10:46:02] [ INFO ] [OdontologoDAOH2:105] iniciando la busqueda de todos los Odontologos
[2024-06-01 10:46:08] [ INFO ] [OdontologoDAOH2:25] Iniciando el guardado de odontologos
[2024-06-01 10:46:08] [ INFO ] [OdontologoDAOH2:39] Odontologo guardado con exito
[2024-06-01 10:46:11] [ INFO ] [OdontologoDAOH2:105] iniciando la busqueda de todos los Odontologos
[2024-06-01 10:46:18] [ INFO ] [PacienteDAOH2:127] iniciando la busqueda de todos los pacientes
[2024-06-01 10:46:18] [ INFO ] [DomicilioDAOH2:51] iniciando la operacion de : Buscado de un domicilio
[2024-06-01 10:46:18] [ INFO ] [DomicilioDAOH2:51] iniciando la operacion de : Buscado de un domicilio
[2024-06-01 10:46:18] [ INFO ] [DomicilioDAOH2:51] iniciando la operacion de : Buscado de un domicilio
[2024-06-01 10:47:25] [ INFO ] [OdontologoDAOH2:105] iniciando la busqueda de todos los Odontologos
[2024-06-01 10:56:06] [ INFO ] [BD:42] tabla creada con exito
[2024-06-01 10:58:40] [ INFO ] [OdontologoDAOH2:105] iniciando la busqueda de todos los Odontologos
[2024-06-01 10:58:45] [ INFO ] [PacienteDAOH2:127] iniciando la busqueda de todos los pacientes
[2024-06-01 10:58:45] [ INFO ] [DomicilioDAOH2:51] iniciando la operacion de : Buscado de un domicilio
[2024-06-01 10:58:45] [ INFO ] [DomicilioDAOH2:51] iniciando la operacion de : Buscado de un domicilio
[2024-06-01 10:58:47] [ INFO ] [OdontologoDAOH2:105] iniciando la busqueda de todos los Odontologos
[2024-06-01 10:58:53] [ INFO ] [OdontologoDAOH2:105] iniciando la busqueda de todos los Odontologos
[2024-06-01 10:59:22] [ INFO ] [BD:42] tabla creada con exito
[2024-06-01 10:59:46] [ INFO ] [PacienteDAOH2:127] iniciando la busqueda de todos los pacientes
[2024-06-01 10:59:46] [ INFO ] [DomicilioDAOH2:51] iniciando la operacion de : Buscado de un domicilio
[2024-06-01 10:59:46] [ INFO ] [DomicilioDAOH2:51] iniciando la operacion de : Buscado de un domicilio
[2024-06-01 10:59:47] [ INFO ] [OdontologoDAOH2:105] iniciando la busqueda de todos los Odontologos
[2024-06-01 10:59:50] [ INFO ] [PacienteDAOH2:127] iniciando la busqueda de todos los pacientes
[2024-06-01 10:59:50] [ INFO ] [DomicilioDAOH2:51] iniciando la operacion de : Buscado de un domicilio
[2024-06-01 10:59:50] [ INFO ] [DomicilioDAOH2:51] iniciando la operacion de : Buscado de un domicilio
[2024-06-01 10:59:52] [ INFO ] [OdontologoDAOH2:105] iniciando la busqueda de todos los Odontologos
[2024-06-01 10:59:53] [ INFO ] [PacienteDAOH2:127] iniciando la busqueda de todos los pacientes
[2024-06-01 10:59:53] [ INFO ] [DomicilioDAOH2:51] iniciando la operacion de : Buscado de un domicilio
[2024-06-01 10:59:53] [ INFO ] [DomicilioDAOH2:51] iniciando la operacion de : Buscado de un domicilio
[2024-06-01 10:59:55] [ INFO ] [OdontologoDAOH2:105] iniciando la busqueda de todos los Odontologos
[2024-06-01 10:59:59] [ INFO ] [PacienteDAOH2:127] iniciando la busqueda de todos los pacientes
[2024-06-01 10:59:59] [ INFO ] [DomicilioDAOH2:51] iniciando la operacion de : Buscado de un domicilio
[2024-06-01 10:59:59] [ INFO ] [DomicilioDAOH2:51] iniciando la operacion de : Buscado de un domicilio
[2024-06-01 11:00:01] [ INFO ] [OdontologoDAOH2:105] iniciando la busqueda de todos los Odontologos
[2024-06-01 11:00:05] [ INFO ] [OdontologoDAOH2:105] iniciando la busqueda de todos los Odontologos
[2024-06-01 11:00:07] [ INFO ] [PacienteDAOH2:127] iniciando la busqueda de todos los pacientes
[2024-06-01 11:00:07] [ INFO ] [DomicilioDAOH2:51] iniciando la operacion de : Buscado de un domicilio
[2024-06-01 11:00:07] [ INFO ] [DomicilioDAOH2:51] iniciando la operacion de : Buscado de un domicilio
[2024-06-01 11:17:52] [ INFO ] [BD:42] tabla creada con exito
[2024-06-01 11:20:54] [ INFO ] [PacienteDAOH2:127] iniciando la busqueda de todos los pacientes
[2024-06-01 11:20:54] [ INFO ] [DomicilioDAOH2:51] iniciando la operacion de : Buscado de un domicilio
[2024-06-01 11:20:54] [ INFO ] [DomicilioDAOH2:51] iniciando la operacion de : Buscado de un domicilio
[2024-06-01 11:20:56] [ INFO ] [PacienteDAOH2:58] iniciando la busqueda de un paciente por id: 2
[2024-06-01 11:20:56] [ INFO ] [DomicilioDAOH2:51] iniciando la operacion de : Buscado de un domicilio
[2024-06-01 11:29:13] [ INFO ] [PacienteDAOH2:58] iniciando la busqueda de un paciente por id: 1
[2024-06-01 11:29:13] [ INFO ] [DomicilioDAOH2:51] iniciando la operacion de : Buscado de un domicilio
[2024-06-01 11:34:21] [ INFO ] [BD:42] tabla creada con exito
[2024-06-01 11:35:38] [ INFO ] [PacienteDAOH2:127] iniciando la busqueda de todos los pacientes
[2024-06-01 11:35:38] [ INFO ] [DomicilioDAOH2:51] iniciando la operacion de : Buscado de un domicilio
[2024-06-01 11:35:38] [ INFO ] [DomicilioDAOH2:51] iniciando la operacion de : Buscado de un domicilio
[2024-06-01 11:35:39] [ INFO ] [PacienteDAOH2:58] iniciando la busqueda de un paciente por id: 1
[2024-06-01 11:35:39] [ INFO ] [DomicilioDAOH2:51] iniciando la operacion de : Buscado de un domicilio
[2024-06-01 12:15:10] [ INFO ] [BD:42] tabla creada con exito
[2024-06-01 12:15:31] [ INFO ] [PacienteDAOH2:127] iniciando la busqueda de todos los pacientes
[2024-06-01 12:15:31] [ INFO ] [DomicilioDAOH2:51] iniciando la operacion de : Buscado de un domicilio
[2024-06-01 12:15:31] [ INFO ] [DomicilioDAOH2:51] iniciando la operacion de : Buscado de un domicilio
[2024-06-01 12:15:33] [ INFO ] [PacienteDAOH2:58] iniciando la busqueda de un paciente por id: 1
[2024-06-01 12:15:33] [ INFO ] [DomicilioDAOH2:51] iniciando la operacion de : Buscado de un domicilio
[2024-06-01 12:16:43] [ INFO ] [BD:42] tabla creada con exito
[2024-06-01 12:22:27] [ INFO ] [PacienteDAOH2:127] iniciando la busqueda de todos los pacientes
[2024-06-01 12:22:27] [ INFO ] [DomicilioDAOH2:51] iniciando la operacion de : Buscado de un domicilio
[2024-06-01 12:22:27] [ INFO ] [DomicilioDAOH2:51] iniciando la operacion de : Buscado de un domicilio
[2024-06-01 12:22:28] [ INFO ] [PacienteDAOH2:58] iniciando la busqueda de un paciente por id: 1
[2024-06-01 12:22:28] [ INFO ] [DomicilioDAOH2:51] iniciando la operacion de : Buscado de un domicilio
[2024-06-01 12:25:30] [ INFO ] [PacienteDAOH2:58] iniciando la busqueda de un paciente por id: 1
[2024-06-01 12:25:30] [ INFO ] [DomicilioDAOH2:51] iniciando la operacion de : Buscado de un domicilio
[2024-06-03 17:54:31] [ INFO ] [BD:42] tabla creada con exito
[2024-06-03 17:55:25] [ INFO ] [PacienteDAOH2:127] iniciando la busqueda de todos los pacientes
[2024-06-03 17:55:25] [ INFO ] [DomicilioDAOH2:51] iniciando la operacion de : Buscado de un domicilio
[2024-06-03 17:55:25] [ INFO ] [DomicilioDAOH2:51] iniciando la operacion de : Buscado de un domicilio
[2024-06-03 17:55:28] [ INFO ] [PacienteDAOH2:127] iniciando la busqueda de todos los pacientes
[2024-06-03 17:55:28] [ INFO ] [DomicilioDAOH2:51] iniciando la operacion de : Buscado de un domicilio
[2024-06-03 17:55:28] [ INFO ] [DomicilioDAOH2:51] iniciando la operacion de : Buscado de un domicilio
[2024-06-03 17:55:30] [ INFO ] [PacienteDAOH2:58] iniciando la busqueda de un paciente por id: 1
[2024-06-03 17:55:30] [ INFO ] [DomicilioDAOH2:51] iniciando la operacion de : Buscado de un domicilio
[2024-06-03 18:01:57] [ INFO ] [BD:42] tabla creada con exito
[2024-06-03 18:02:46] [ INFO ] [PacienteDAOH2:127] iniciando la busqueda de todos los pacientes
[2024-06-03 18:02:47] [ INFO ] [DomicilioDAOH2:51] iniciando la operacion de : Buscado de un domicilio
[2024-06-03 18:02:47] [ INFO ] [DomicilioDAOH2:51] iniciando la operacion de : Buscado de un domicilio
[2024-06-03 18:02:48] [ INFO ] [PacienteDAOH2:58] iniciando la busqueda de un paciente por id: 1
[2024-06-03 18:02:48] [ INFO ] [DomicilioDAOH2:51] iniciando la operacion de : Buscado de un domicilio
[2024-06-03 18:03:14] [ INFO ] [PacienteDAOH2:58] iniciando la busqueda de un paciente por id: 2
[2024-06-03 18:03:14] [ INFO ] [DomicilioDAOH2:51] iniciando la operacion de : Buscado de un domicilio
[2024-06-03 18:06:47] [ INFO ] [PacienteDAOH2:58] iniciando la busqueda de un paciente por id: 1
[2024-06-03 18:06:47] [ INFO ] [DomicilioDAOH2:51] iniciando la operacion de : Buscado de un domicilio
[2024-06-03 18:10:58] [ INFO ] [BD:42] tabla creada con exito
[2024-06-03 18:12:18] [ INFO ] [PacienteDAOH2:127] iniciando la busqueda de todos los pacientes
[2024-06-03 18:12:18] [ INFO ] [DomicilioDAOH2:51] iniciando la operacion de : Buscado de un domicilio
[2024-06-03 18:12:18] [ INFO ] [DomicilioDAOH2:51] iniciando la operacion de : Buscado de un domicilio
[2024-06-03 18:12:19] [ INFO ] [PacienteDAOH2:58] iniciando la busqueda de un paciente por id: 1
[2024-06-03 18:12:19] [ INFO ] [DomicilioDAOH2:51] iniciando la operacion de : Buscado de un domicilio
[2024-06-03 18:13:53] [ INFO ] [PacienteDAOH2:127] iniciando la busqueda de todos los pacientes
[2024-06-03 18:13:53] [ INFO ] [DomicilioDAOH2:51] iniciando la operacion de : Buscado de un domicilio
[2024-06-03 18:13:53] [ INFO ] [DomicilioDAOH2:51] iniciando la operacion de : Buscado de un domicilio
[2024-06-03 18:13:54] [ INFO ] [PacienteDAOH2:58] iniciando la busqueda de un paciente por id: 1
[2024-06-03 18:13:54] [ INFO ] [DomicilioDAOH2:51] iniciando la operacion de : Buscado de un domicilio
[2024-06-03 18:20:08] [ INFO ] [PacienteDAOH2:58] iniciando la busqueda de un paciente por id: 1
[2024-06-03 18:20:08] [ INFO ] [DomicilioDAOH2:51] iniciando la operacion de : Buscado de un domicilio
[2024-06-03 18:25:32] [ INFO ] [BD:42] tabla creada con exito
[2024-06-03 18:27:14] [ INFO ] [PacienteDAOH2:127] iniciando la busqueda de todos los pacientes
[2024-06-03 18:27:14] [ INFO ] [DomicilioDAOH2:51] iniciando la operacion de : Buscado de un domicilio
[2024-06-03 18:27:14] [ INFO ] [DomicilioDAOH2:51] iniciando la operacion de : Buscado de un domicilio
[2024-06-03 18:27:15] [ INFO ] [PacienteDAOH2:58] iniciando la busqueda de un paciente por id: 1
[2024-06-03 18:27:15] [ INFO ] [DomicilioDAOH2:51] iniciando la operacion de : Buscado de un domicilio
[2024-06-03 18:30:37] [ INFO ] [BD:42] tabla creada con exito
[2024-06-03 18:31:02] [ INFO ] [PacienteDAOH2:127] iniciando la busqueda de todos los pacientes
[2024-06-03 18:31:02] [ INFO ] [DomicilioDAOH2:51] iniciando la operacion de : Buscado de un domicilio
[2024-06-03 18:31:02] [ INFO ] [DomicilioDAOH2:51] iniciando la operacion de : Buscado de un domicilio
[2024-06-03 18:31:04] [ INFO ] [PacienteDAOH2:58] iniciando la busqueda de un paciente por id: 1
[2024-06-03 18:31:04] [ INFO ] [DomicilioDAOH2:51] iniciando la operacion de : Buscado de un domicilio
[2024-06-03 18:31:47] [ INFO ] [BD:42] tabla creada con exito
[2024-06-03 18:31:56] [ INFO ] [PacienteDAOH2:127] iniciando la busqueda de todos los pacientes
[2024-06-03 18:31:56] [ INFO ] [DomicilioDAOH2:51] iniciando la operacion de : Buscado de un domicilio
[2024-06-03 18:31:56] [ INFO ] [DomicilioDAOH2:51] iniciando la operacion de : Buscado de un domicilio
[2024-06-03 18:31:57] [ INFO ] [PacienteDAOH2:58] iniciando la busqueda de un paciente por id: 1
[2024-06-03 18:31:57] [ INFO ] [DomicilioDAOH2:51] iniciando la operacion de : Buscado de un domicilio
[2024-06-03 18:32:31] [ INFO ] [BD:42] tabla creada con exito
[2024-06-03 18:32:49] [ INFO ] [PacienteDAOH2:127] iniciando la busqueda de todos los pacientes
[2024-06-03 18:32:49] [ INFO ] [DomicilioDAOH2:51] iniciando la operacion de : Buscado de un domicilio
[2024-06-03 18:32:49] [ INFO ] [DomicilioDAOH2:51] iniciando la operacion de : Buscado de un domicilio
[2024-06-03 18:32:51] [ INFO ] [PacienteDAOH2:58] iniciando la busqueda de un paciente por id: 1
[2024-06-03 18:32:51] [ INFO ] [DomicilioDAOH2:51] iniciando la operacion de : Buscado de un domicilio
[2024-06-03 18:38:12] [ INFO ] [BD:42] tabla creada con exito
[2024-06-03 18:39:45] [ INFO ] [PacienteDAOH2:127] iniciando la busqueda de todos los pacientes
[2024-06-03 18:39:45] [ INFO ] [DomicilioDAOH2:51] iniciando la operacion de : Buscado de un domicilio
[2024-06-03 18:39:45] [ INFO ] [DomicilioDAOH2:51] iniciando la operacion de : Buscado de un domicilio
[2024-06-03 18:39:50] [ INFO ] [PacienteDAOH2:127] iniciando la busqueda de todos los pacientes
[2024-06-03 18:39:50] [ INFO ] [DomicilioDAOH2:51] iniciando la operacion de : Buscado de un domicilio
[2024-06-03 18:39:50] [ INFO ] [DomicilioDAOH2:51] iniciando la operacion de : Buscado de un domicilio
[2024-06-03 18:39:51] [ INFO ] [PacienteDAOH2:58] iniciando la busqueda de un paciente por id: 1
[2024-06-03 18:39:51] [ INFO ] [DomicilioDAOH2:51] iniciando la operacion de : Buscado de un domicilio
[2024-06-03 18:40:03] [ INFO ] [PacienteDAOH2:58] iniciando la busqueda de un paciente por id: 1
[2024-06-03 18:40:03] [ INFO ] [DomicilioDAOH2:51] iniciando la operacion de : Buscado de un domicilio
[2024-06-03 18:42:12] [ INFO ] [PacienteDAOH2:58] iniciando la busqueda de un paciente por id: 3
[2024-06-03 18:42:21] [ INFO ] [PacienteDAOH2:29] inicando la operacion de guardado
[2024-06-03 18:42:21] [ INFO ] [DomicilioDAOH2:26] iniciando la operacion de : Guardado de un domicilio
[2024-06-03 18:42:21] [ INFO ] [PacienteDAOH2:47] paciente guardado con exito
[2024-06-03 18:42:24] [ INFO ] [PacienteDAOH2:58] iniciando la busqueda de un paciente por id: 3
[2024-06-03 18:42:24] [ INFO ] [DomicilioDAOH2:51] iniciando la operacion de : Buscado de un domicilio
[2024-06-03 18:42:24] [ INFO ] [PacienteDAOH2:84] iniciando la actualizacion vvv de : omar con id : 3
[2024-06-03 18:42:24] [ INFO ] [DomicilioDAOH2:72] iniciando la operacion de : actualizar un domicilio
[2024-06-03 18:43:28] [ INFO ] [BD:42] tabla creada con exito
[2024-06-03 18:44:10] [ INFO ] [PacienteDAOH2:29] inicando la operacion de guardado
[2024-06-03 18:44:10] [ INFO ] [DomicilioDAOH2:26] iniciando la operacion de : Guardado de un domicilio
[2024-06-03 18:44:10] [ INFO ] [PacienteDAOH2:47] paciente guardado con exito
[2024-06-03 18:44:15] [ INFO ] [PacienteDAOH2:58] iniciando la busqueda de un paciente por id: 3
[2024-06-03 18:44:15] [ INFO ] [DomicilioDAOH2:51] iniciando la operacion de : Buscado de un domicilio
[2024-06-03 18:44:15] [ INFO ] [DomicilioDAOH2:53] estoy en domicilio 3
[2024-06-03 18:44:15] [ INFO ] [PacienteDAOH2:84] iniciando la actualizacion vvv de : omar con id : 3
[2024-06-03 18:44:15] [ INFO ] [DomicilioDAOH2:74] iniciando la operacion de : actualizar un domicilio
[2024-06-03 18:44:48] [ INFO ] [PacienteDAOH2:127] iniciando la busqueda de todos los pacientes
[2024-06-03 18:44:48] [ INFO ] [DomicilioDAOH2:51] iniciando la operacion de : Buscado de un domicilio
[2024-06-03 18:44:48] [ INFO ] [DomicilioDAOH2:53] estoy en domicilio 1
[2024-06-03 18:44:48] [ INFO ] [DomicilioDAOH2:51] iniciando la operacion de : Buscado de un domicilio
[2024-06-03 18:44:48] [ INFO ] [DomicilioDAOH2:53] estoy en domicilio 2
[2024-06-03 18:44:48] [ INFO ] [DomicilioDAOH2:51] iniciando la operacion de : Buscado de un domicilio
[2024-06-03 18:44:48] [ INFO ] [DomicilioDAOH2:53] estoy en domicilio 3
[2024-06-03 18:44:58] [ INFO ] [PacienteDAOH2:127] iniciando la busqueda de todos los pacientes
[2024-06-03 18:44:58] [ INFO ] [DomicilioDAOH2:51] iniciando la operacion de : Buscado de un domicilio
[2024-06-03 18:44:58] [ INFO ] [DomicilioDAOH2:53] estoy en domicilio 1
[2024-06-03 18:44:58] [ INFO ] [DomicilioDAOH2:51] iniciando la operacion de : Buscado de un domicilio
[2024-06-03 18:44:58] [ INFO ] [DomicilioDAOH2:53] estoy en domicilio 2
[2024-06-03 18:44:58] [ INFO ] [DomicilioDAOH2:51] iniciando la operacion de : Buscado de un domicilio
[2024-06-03 18:44:58] [ INFO ] [DomicilioDAOH2:53] estoy en domicilio 3
[2024-06-03 18:45:05] [ INFO ] [PacienteDAOH2:58] iniciando la busqueda de un paciente por id: 3
[2024-06-03 18:45:05] [ INFO ] [DomicilioDAOH2:51] iniciando la operacion de : Buscado de un domicilio
[2024-06-03 18:45:05] [ INFO ] [DomicilioDAOH2:53] estoy en domicilio 3
[2024-06-03 18:45:16] [ INFO ] [PacienteDAOH2:58] iniciando la busqueda de un paciente por id: 3
[2024-06-03 18:45:16] [ INFO ] [DomicilioDAOH2:51] iniciando la operacion de : Buscado de un domicilio
[2024-06-03 18:45:16] [ INFO ] [DomicilioDAOH2:53] estoy en domicilio 3
[2024-06-03 18:45:16] [ INFO ] [PacienteDAOH2:84] iniciando la actualizacion vvv de : omar con id : 3
[2024-06-03 18:45:16] [ INFO ] [DomicilioDAOH2:74] iniciando la operacion de : actualizar un domicilio
[2024-06-03 18:46:47] [ INFO ] [PacienteDAOH2:58] iniciando la busqueda de un paciente por id: 1
[2024-06-03 18:46:47] [ INFO ] [DomicilioDAOH2:51] iniciando la operacion de : Buscado de un domicilio
[2024-06-03 18:46:47] [ INFO ] [DomicilioDAOH2:53] estoy en domicilio 1
[2024-06-03 18:46:58] [ INFO ] [PacienteDAOH2:58] iniciando la busqueda de un paciente por id: 3
[2024-06-03 18:46:58] [ INFO ] [DomicilioDAOH2:51] iniciando la operacion de : Buscado de un domicilio
[2024-06-03 18:46:58] [ INFO ] [DomicilioDAOH2:53] estoy en domicilio 3
[2024-06-03 18:46:58] [ INFO ] [PacienteDAOH2:84] iniciando la actualizacion vvv de : omar con id : 3
[2024-06-03 18:46:58] [ INFO ] [DomicilioDAOH2:74] iniciando la operacion de : actualizar un domicilio
[2024-06-03 18:48:57] [ INFO ] [BD:42] tabla creada con exito
[2024-06-03 18:49:10] [ INFO ] [PacienteDAOH2:58] iniciando la busqueda de un paciente por id: 3
[2024-06-03 18:49:15] [ INFO ] [PacienteDAOH2:29] inicando la operacion de guardado
[2024-06-03 18:49:15] [ INFO ] [DomicilioDAOH2:26] iniciando la operacion de : Guardado de un domicilio
[2024-06-03 18:49:15] [ INFO ] [PacienteDAOH2:47] paciente guardado con exito
[2024-06-03 18:49:20] [ INFO ] [PacienteDAOH2:58] iniciando la busqueda de un paciente por id: 3
[2024-06-03 18:49:20] [ INFO ] [DomicilioDAOH2:51] iniciando la operacion de : Buscado de un domicilio
[2024-06-03 18:49:20] [ INFO ] [DomicilioDAOH2:53] estoy en domicilio 3
[2024-06-03 18:49:20] [ INFO ] [DomicilioDAOH2:69] estoy en domicilio 2Domicilio(id=3, calle=Siempre viva, numero=742, localidad=Springfield, provincia=USA)
[2024-06-03 18:49:20] [ INFO ] [PacienteDAOH2:84] iniciando la actualizacion vvv de : omar con id : 3
[2024-06-03 18:49:20] [ INFO ] [DomicilioDAOH2:75] iniciando la operacion de : actualizar un domicilio
[2024-06-03 18:49:52] [ INFO ] [PacienteDAOH2:127] iniciando la busqueda de todos los pacientes
[2024-06-03 18:49:52] [ INFO ] [DomicilioDAOH2:51] iniciando la operacion de : Buscado de un domicilio
[2024-06-03 18:49:52] [ INFO ] [DomicilioDAOH2:53] estoy en domicilio 1
[2024-06-03 18:49:52] [ INFO ] [DomicilioDAOH2:69] estoy en domicilio 2Domicilio(id=1, calle=Siempre viva, numero=742, localidad=Springfield, provincia=USA)
[2024-06-03 18:49:52] [ INFO ] [DomicilioDAOH2:51] iniciando la operacion de : Buscado de un domicilio
[2024-06-03 18:49:52] [ INFO ] [DomicilioDAOH2:53] estoy en domicilio 2
[2024-06-03 18:49:52] [ INFO ] [DomicilioDAOH2:69] estoy en domicilio 2Domicilio(id=2, calle=Siempre viva, numero=742, localidad=Springfield, provincia=USA)
[2024-06-03 18:49:52] [ INFO ] [DomicilioDAOH2:51] iniciando la operacion de : Buscado de un domicilio
[2024-06-03 18:49:52] [ INFO ] [DomicilioDAOH2:53] estoy en domicilio 3
[2024-06-03 18:49:52] [ INFO ] [DomicilioDAOH2:69] estoy en domicilio 2Domicilio(id=3, calle=Siempre viva, numero=742, localidad=Springfield, provincia=USA)
[2024-06-03 18:49:53] [ INFO ] [PacienteDAOH2:58] iniciando la busqueda de un paciente por id: 3
[2024-06-03 18:49:53] [ INFO ] [DomicilioDAOH2:51] iniciando la operacion de : Buscado de un domicilio
[2024-06-03 18:49:53] [ INFO ] [DomicilioDAOH2:53] estoy en domicilio 3
[2024-06-03 18:49:53] [ INFO ] [DomicilioDAOH2:69] estoy en domicilio 2Domicilio(id=3, calle=Siempre viva, numero=742, localidad=Springfield, provincia=USA)
[2024-06-03 18:50:02] [ INFO ] [PacienteDAOH2:58] iniciando la busqueda de un paciente por id: 3
[2024-06-03 18:50:02] [ INFO ] [DomicilioDAOH2:51] iniciando la operacion de : Buscado de un domicilio
[2024-06-03 18:50:02] [ INFO ] [DomicilioDAOH2:53] estoy en domicilio 3
[2024-06-03 18:50:02] [ INFO ] [DomicilioDAOH2:69] estoy en domicilio 2Domicilio(id=3, calle=Siempre viva, numero=742, localidad=Springfield, provincia=USA)
[2024-06-03 18:50:14] [ INFO ] [PacienteDAOH2:58] iniciando la busqueda de un paciente por id: 3
[2024-06-03 18:50:14] [ INFO ] [DomicilioDAOH2:51] iniciando la operacion de : Buscado de un domicilio
[2024-06-03 18:50:14] [ INFO ] [DomicilioDAOH2:53] estoy en domicilio 3
[2024-06-03 18:50:14] [ INFO ] [DomicilioDAOH2:69] estoy en domicilio 2Domicilio(id=3, calle=Siempre viva, numero=742, localidad=Springfield, provincia=USA)
[2024-06-03 18:50:14] [ INFO ] [PacienteDAOH2:84] iniciando la actualizacion vvv de : omar con id : 3
[2024-06-03 18:50:14] [ INFO ] [DomicilioDAOH2:75] iniciando la operacion de : actualizar un domicilio
[2024-06-03 18:51:44] [ INFO ] [BD:42] tabla creada con exito
[2024-06-03 18:51:57] [ INFO ] [PacienteDAOH2:29] inicando la operacion de guardado
[2024-06-03 18:51:57] [ INFO ] [DomicilioDAOH2:26] iniciando la operacion de : Guardado de un domicilio
[2024-06-03 18:51:58] [ INFO ] [PacienteDAOH2:47] paciente guardado con exito
[2024-06-03 18:52:03] [ INFO ] [PacienteDAOH2:58] iniciando la busqueda de un paciente por id: 3
[2024-06-03 18:52:03] [ INFO ] [DomicilioDAOH2:51] iniciando la operacion de : Buscado de un domicilio
[2024-06-03 18:52:03] [ INFO ] [DomicilioDAOH2:53] estoy en domicilio 3
[2024-06-03 18:52:03] [ INFO ] [DomicilioDAOH2:69] estoy en domicilio 2Domicilio(id=3, calle=Siempre viva, numero=742, localidad=Springfield, provincia=USA)
[2024-06-03 18:52:03] [ INFO ] [PacienteDAOH2:84] iniciando la actualizacion vvv de : omar con id : 3
[2024-06-03 18:52:03] [ INFO ] [DomicilioDAOH2:75] iniciando la operacion de : actualizar un domicilio
[2024-06-03 18:52:31] [ INFO ] [PacienteDAOH2:58] iniciando la busqueda de un paciente por id: 2
[2024-06-03 18:52:31] [ INFO ] [DomicilioDAOH2:51] iniciando la operacion de : Buscado de un domicilio
[2024-06-03 18:52:31] [ INFO ] [DomicilioDAOH2:53] estoy en domicilio 2
[2024-06-03 18:52:31] [ INFO ] [DomicilioDAOH2:69] estoy en domicilio 2Domicilio(id=2, calle=Siempre viva, numero=742, localidad=Springfield, provincia=USA)
[2024-06-03 18:55:37] [ INFO ] [BD:42] tabla creada con exito
[2024-06-03 18:56:21] [ INFO ] [PacienteDAOH2:29] inicando la operacion de guardado
[2024-06-03 18:56:21] [ INFO ] [DomicilioDAOH2:26] iniciando la operacion de : Guardado de un domicilio
[2024-06-03 18:56:21] [ INFO ] [PacienteDAOH2:47] paciente guardado con exito
[2024-06-03 18:56:27] [ INFO ] [PacienteDAOH2:58] iniciando la busqueda de un paciente por id: 3
[2024-06-03 18:56:27] [ INFO ] [DomicilioDAOH2:51] iniciando la operacion de : Buscado de un domicilio
[2024-06-03 18:56:27] [ INFO ] [DomicilioDAOH2:53] estoy en domicilio 3
[2024-06-03 18:56:27] [ INFO ] [DomicilioDAOH2:69] estoy en domicilio 2Domicilio(id=3, calle=Siempre viva, numero=742, localidad=Springfield, provincia=USA)
[2024-06-03 18:56:27] [ INFO ] [PacienteDAOH2:71] estoy en busqueda de paciente por id con el id domicilio: 3
[2024-06-03 18:56:27] [ INFO ] [PacienteDAOH2:80] estoy en busqueda de paciente retorno final: Paciente(id=3, nombre=carol, apellido=velez, cedula=123467855, fechaIngreso=2024-05-27, domicilio=Domicilio(id=3, calle=Siempre viva, numero=742, localidad=Springfield, provincia=USA), email=carolvelez@digitalhouse.com)
[2024-06-03 18:56:27] [ INFO ] [PacienteDAOH2:86] iniciando la actualizacion vvv de : omar con id : 3
[2024-06-03 18:56:27] [ INFO ] [DomicilioDAOH2:75] iniciando la operacion de : actualizar un domicilio
[2024-06-03 18:57:26] [ INFO ] [PacienteDAOH2:130] iniciando la busqueda de todos los pacientes
[2024-06-03 18:57:26] [ INFO ] [DomicilioDAOH2:51] iniciando la operacion de : Buscado de un domicilio
[2024-06-03 18:57:26] [ INFO ] [DomicilioDAOH2:53] estoy en domicilio 1
[2024-06-03 18:57:26] [ INFO ] [DomicilioDAOH2:69] estoy en domicilio 2Domicilio(id=1, calle=Siempre viva, numero=742, localidad=Springfield, provincia=USA)
[2024-06-03 18:57:26] [ INFO ] [DomicilioDAOH2:51] iniciando la operacion de : Buscado de un domicilio
[2024-06-03 18:57:26] [ INFO ] [DomicilioDAOH2:53] estoy en domicilio 2
[2024-06-03 18:57:26] [ INFO ] [DomicilioDAOH2:69] estoy en domicilio 2Domicilio(id=2, calle=Siempre viva, numero=742, localidad=Springfield, provincia=USA)
[2024-06-03 18:57:26] [ INFO ] [DomicilioDAOH2:51] iniciando la operacion de : Buscado de un domicilio
[2024-06-03 18:57:26] [ INFO ] [DomicilioDAOH2:53] estoy en domicilio 3
[2024-06-03 18:57:26] [ INFO ] [DomicilioDAOH2:69] estoy en domicilio 2Domicilio(id=3, calle=Siempre viva, numero=742, localidad=Springfield, provincia=USA)
[2024-06-03 18:57:29] [ INFO ] [PacienteDAOH2:58] iniciando la busqueda de un paciente por id: 2
[2024-06-03 18:57:29] [ INFO ] [DomicilioDAOH2:51] iniciando la operacion de : Buscado de un domicilio
[2024-06-03 18:57:29] [ INFO ] [DomicilioDAOH2:53] estoy en domicilio 2
[2024-06-03 18:57:29] [ INFO ] [DomicilioDAOH2:69] estoy en domicilio 2Domicilio(id=2, calle=Siempre viva, numero=742, localidad=Springfield, provincia=USA)
[2024-06-03 18:57:29] [ INFO ] [PacienteDAOH2:71] estoy en busqueda de paciente por id con el id domicilio: 2
[2024-06-03 18:57:29] [ INFO ] [PacienteDAOH2:80] estoy en busqueda de paciente retorno final: Paciente(id=2, nombre=Claudia, apellido=Heredia, cedula=11111111, fechaIngreso=2024-05-10, domicilio=Domicilio(id=2, calle=Siempre viva, numero=742, localidad=Springfield, provincia=USA), email=claudia@claudia.com)
[2024-06-03 18:57:49] [ INFO ] [PacienteDAOH2:58] iniciando la busqueda de un paciente por id: 3
[2024-06-03 18:57:49] [ INFO ] [DomicilioDAOH2:51] iniciando la operacion de : Buscado de un domicilio
[2024-06-03 18:57:49] [ INFO ] [DomicilioDAOH2:53] estoy en domicilio 3
[2024-06-03 18:57:49] [ INFO ] [DomicilioDAOH2:69] estoy en domicilio 2Domicilio(id=3, calle=Siempre viva, numero=742, localidad=Springfield, provincia=USA)
[2024-06-03 18:57:49] [ INFO ] [PacienteDAOH2:71] estoy en busqueda de paciente por id con el id domicilio: 3
[2024-06-03 18:57:49] [ INFO ] [PacienteDAOH2:80] estoy en busqueda de paciente retorno final: Paciente(id=3, nombre=omar, apellido=velez, cedula=5555, fechaIngreso=2024-05-27, domicilio=Domicilio(id=3, calle=Siempre viva, numero=742, localidad=Springfield, provincia=USA), email=carolvelez@digitalhouse.com)
[2024-06-03 18:57:49] [ INFO ] [PacienteDAOH2:86] iniciando la actualizacion vvv de : omar con id : 3
[2024-06-03 18:57:49] [ INFO ] [DomicilioDAOH2:75] iniciando la operacion de : actualizar un domicilio
[2024-06-03 18:59:34] [ INFO ] [PacienteDAOH2:58] iniciando la busqueda de un paciente por id: 3
[2024-06-03 18:59:34] [ INFO ] [DomicilioDAOH2:51] iniciando la operacion de : Buscado de un domicilio
[2024-06-03 18:59:34] [ INFO ] [DomicilioDAOH2:53] estoy en domicilio 3
[2024-06-03 18:59:34] [ INFO ] [DomicilioDAOH2:69] estoy en domicilio 2Domicilio(id=3, calle=Siempre viva, numero=742, localidad=Springfield, provincia=USA)
[2024-06-03 18:59:34] [ INFO ] [PacienteDAOH2:71] estoy en busqueda de paciente por id con el id domicilio: 3
[2024-06-03 18:59:34] [ INFO ] [PacienteDAOH2:80] estoy en busqueda de paciente retorno final: Paciente(id=3, nombre=omar, apellido=velez, cedula=5555, fechaIngreso=2024-05-27, domicilio=Domicilio(id=3, calle=Siempre viva, numero=742, localidad=Springfield, provincia=USA), email=carolvelez@digitalhouse.com)
[2024-06-03 18:59:34] [ INFO ] [PacienteDAOH2:86] iniciando la actualizacion vvv de : omar con id : 3
[2024-06-03 18:59:34] [ INFO ] [DomicilioDAOH2:75] iniciando la operacion de : actualizar un domicilio
[2024-06-03 18:59:38] [ INFO ] [PacienteDAOH2:58] iniciando la busqueda de un paciente por id: 3
[2024-06-03 18:59:38] [ INFO ] [DomicilioDAOH2:51] iniciando la operacion de : Buscado de un domicilio
[2024-06-03 18:59:38] [ INFO ] [DomicilioDAOH2:53] estoy en domicilio 3
[2024-06-03 18:59:38] [ INFO ] [DomicilioDAOH2:69] estoy en domicilio 2Domicilio(id=3, calle=Siempre viva, numero=742, localidad=Springfield, provincia=USA)
[2024-06-03 18:59:38] [ INFO ] [PacienteDAOH2:71] estoy en busqueda de paciente por id con el id domicilio: 3
[2024-06-03 18:59:38] [ INFO ] [PacienteDAOH2:80] estoy en busqueda de paciente retorno final: Paciente(id=3, nombre=omar, apellido=velez, cedula=5555, fechaIngreso=2024-05-27, domicilio=Domicilio(id=3, calle=Siempre viva, numero=742, localidad=Springfield, provincia=USA), email=carolvelez@digitalhouse.com)
[2024-06-03 18:59:52] [ INFO ] [PacienteDAOH2:58] iniciando la busqueda de un paciente por id: 3
[2024-06-03 18:59:52] [ INFO ] [DomicilioDAOH2:51] iniciando la operacion de : Buscado de un domicilio
[2024-06-03 18:59:52] [ INFO ] [DomicilioDAOH2:53] estoy en domicilio 3
[2024-06-03 18:59:52] [ INFO ] [DomicilioDAOH2:69] estoy en domicilio 2Domicilio(id=3, calle=Siempre viva, numero=742, localidad=Springfield, provincia=USA)
[2024-06-03 18:59:52] [ INFO ] [PacienteDAOH2:71] estoy en busqueda de paciente por id con el id domicilio: 3
[2024-06-03 18:59:52] [ INFO ] [PacienteDAOH2:80] estoy en busqueda de paciente retorno final: Paciente(id=3, nombre=omar, apellido=velez, cedula=5555, fechaIngreso=2024-05-27, domicilio=Domicilio(id=3, calle=Siempre viva, numero=742, localidad=Springfield, provincia=USA), email=carolvelez@digitalhouse.com)
[2024-06-03 19:00:05] [ INFO ] [PacienteDAOH2:58] iniciando la busqueda de un paciente por id: 3
[2024-06-03 19:00:05] [ INFO ] [DomicilioDAOH2:51] iniciando la operacion de : Buscado de un domicilio
[2024-06-03 19:00:05] [ INFO ] [DomicilioDAOH2:53] estoy en domicilio 3
[2024-06-03 19:00:05] [ INFO ] [DomicilioDAOH2:69] estoy en domicilio 2Domicilio(id=3, calle=Siempre viva, numero=742, localidad=Springfield, provincia=USA)
[2024-06-03 19:00:05] [ INFO ] [PacienteDAOH2:71] estoy en busqueda de paciente por id con el id domicilio: 3
[2024-06-03 19:00:05] [ INFO ] [PacienteDAOH2:80] estoy en busqueda de paciente retorno final: Paciente(id=3, nombre=omar, apellido=velez, cedula=5555, fechaIngreso=2024-05-27, domicilio=Domicilio(id=3, calle=Siempre viva, numero=742, localidad=Springfield, provincia=USA), email=carolvelez@digitalhouse.com)
[2024-06-03 19:00:05] [ INFO ] [PacienteDAOH2:86] iniciando la actualizacion vvv de : omar con id : 3
[2024-06-03 19:00:05] [ INFO ] [DomicilioDAOH2:75] iniciando la operacion de : actualizar un domicilio
[2024-06-03 19:15:58] [ INFO ] [BD:42] tabla creada con exito
[2024-06-03 19:16:11] [ INFO ] [PacienteDAOH2:29] inicando la operacion de guardado
[2024-06-03 19:16:11] [ INFO ] [DomicilioDAOH2:26] iniciando la operacion de : Guardado de un domicilio
[2024-06-03 19:16:12] [ INFO ] [PacienteDAOH2:47] paciente guardado con exito
[2024-06-03 19:16:14] [ INFO ] [PacienteDAOH2:58] iniciando la busqueda de un paciente por id: 3
[2024-06-03 19:16:14] [ INFO ] [DomicilioDAOH2:51] iniciando la operacion de : Buscado de un domicilio
[2024-06-03 19:16:14] [ INFO ] [DomicilioDAOH2:53] estoy en domicilio 3
[2024-06-03 19:16:14] [ INFO ] [DomicilioDAOH2:69] estoy en domicilio 2Domicilio(id=3, calle=Siempre viva, numero=742, localidad=Springfield, provincia=USA)
[2024-06-03 19:16:14] [ INFO ] [PacienteDAOH2:71] estoy en busqueda de paciente por id con el id domicilio: 3
[2024-06-03 19:16:14] [ INFO ] [PacienteDAOH2:80] estoy en busqueda de paciente retorno final: Paciente(id=3, nombre=carol, apellido=velez, cedula=123467855, fechaIngreso=2024-05-27, domicilio=Domicilio(id=3, calle=Siempre viva, numero=742, localidad=Springfield, provincia=USA), email=carolvelez@digitalhouse.com)
[2024-06-03 19:16:14] [ INFO ] [PacienteDAOH2:86] iniciando la actualizacion vvv de : omar con id : 3
[2024-06-03 19:16:14] [ INFO ] [DomicilioDAOH2:75] iniciando la operacion de : actualizar un domicilio
[2024-06-03 19:16:22] [ INFO ] [PacienteDAOH2:58] iniciando la busqueda de un paciente por id: 3
[2024-06-03 19:16:22] [ INFO ] [DomicilioDAOH2:51] iniciando la operacion de : Buscado de un domicilio
[2024-06-03 19:16:22] [ INFO ] [DomicilioDAOH2:53] estoy en domicilio 3
[2024-06-03 19:16:22] [ INFO ] [DomicilioDAOH2:69] estoy en domicilio 2Domicilio(id=3, calle=Siempre viva, numero=742, localidad=Springfield, provincia=USA)
[2024-06-03 19:16:22] [ INFO ] [PacienteDAOH2:71] estoy en busqueda de paciente por id con el id domicilio: 3
[2024-06-03 19:16:22] [ INFO ] [PacienteDAOH2:80] estoy en busqueda de paciente retorno final: Paciente(id=3, nombre=omar, apellido=velez, cedula=5555, fechaIngreso=2024-05-27, domicilio=Domicilio(id=3, calle=Siempre viva, numero=742, localidad=Springfield, provincia=USA), email=carolvelez@digitalhouse.com)
[2024-06-03 19:25:16] [ INFO ] [BD:42] tabla creada con exito
[2024-06-03 19:26:28] [ INFO ] [PacienteDAOH2:130] iniciando la busqueda de todos los pacientes
[2024-06-03 19:26:28] [ INFO ] [DomicilioDAOH2:51] iniciando la operacion de : Buscado de un domicilio
[2024-06-03 19:26:28] [ INFO ] [DomicilioDAOH2:53] estoy en domicilio 1
[2024-06-03 19:26:28] [ INFO ] [DomicilioDAOH2:69] estoy en domicilio 2Domicilio(id=1, calle=Siempre viva, numero=742, localidad=Springfield, provincia=USA)
[2024-06-03 19:26:28] [ INFO ] [DomicilioDAOH2:51] iniciando la operacion de : Buscado de un domicilio
[2024-06-03 19:26:28] [ INFO ] [DomicilioDAOH2:53] estoy en domicilio 2
[2024-06-03 19:26:28] [ INFO ] [DomicilioDAOH2:69] estoy en domicilio 2Domicilio(id=2, calle=Siempre viva, numero=742, localidad=Springfield, provincia=USA)
[2024-06-03 19:26:33] [ INFO ] [PacienteDAOH2:130] iniciando la busqueda de todos los pacientes
[2024-06-03 19:26:33] [ INFO ] [DomicilioDAOH2:51] iniciando la operacion de : Buscado de un domicilio
[2024-06-03 19:26:33] [ INFO ] [DomicilioDAOH2:53] estoy en domicilio 1
[2024-06-03 19:26:33] [ INFO ] [DomicilioDAOH2:69] estoy en domicilio 2Domicilio(id=1, calle=Siempre viva, numero=742, localidad=Springfield, provincia=USA)
[2024-06-03 19:26:33] [ INFO ] [DomicilioDAOH2:51] iniciando la operacion de : Buscado de un domicilio
[2024-06-03 19:26:33] [ INFO ] [DomicilioDAOH2:53] estoy en domicilio 2
[2024-06-03 19:26:33] [ INFO ] [DomicilioDAOH2:69] estoy en domicilio 2Domicilio(id=2, calle=Siempre viva, numero=742, localidad=Springfield, provincia=USA)
[2024-06-03 19:26:35] [ INFO ] [PacienteDAOH2:58] iniciando la busqueda de un paciente por id: 2
[2024-06-03 19:26:35] [ INFO ] [DomicilioDAOH2:51] iniciando la operacion de : Buscado de un domicilio
[2024-06-03 19:26:35] [ INFO ] [DomicilioDAOH2:53] estoy en domicilio 2
[2024-06-03 19:26:35] [ INFO ] [DomicilioDAOH2:69] estoy en domicilio 2Domicilio(id=2, calle=Siempre viva, numero=742, localidad=Springfield, provincia=USA)
[2024-06-03 19:26:35] [ INFO ] [PacienteDAOH2:71] estoy en busqueda de paciente por id con el id domicilio: 2
[2024-06-03 19:26:35] [ INFO ] [PacienteDAOH2:80] estoy en busqueda de paciente retorno final: Paciente(id=2, nombre=Claudia, apellido=Heredia, cedula=11111111, fechaIngreso=2024-05-10, domicilio=Domicilio(id=2, calle=Siempre viva, numero=742, localidad=Springfield, provincia=USA), email=claudia@claudia.com)
[2024-06-03 19:39:53] [ INFO ] [BD:42] tabla creada con exito
[2024-06-03 19:40:05] [ INFO ] [PacienteDAOH2:29] inicando la operacion de guardado
[2024-06-03 19:40:05] [ INFO ] [DomicilioDAOH2:26] iniciando la operacion de : Guardado de un domicilio
[2024-06-03 19:40:05] [ INFO ] [PacienteDAOH2:47] paciente guardado con exito
[2024-06-03 19:40:07] [ INFO ] [PacienteDAOH2:130] iniciando la busqueda de todos los pacientes
[2024-06-03 19:40:07] [ INFO ] [DomicilioDAOH2:51] iniciando la operacion de : Buscado de un domicilio
[2024-06-03 19:40:07] [ INFO ] [DomicilioDAOH2:53] estoy en domicilio 1
[2024-06-03 19:40:07] [ INFO ] [DomicilioDAOH2:69] estoy en domicilio 2Domicilio(id=1, calle=Siempre viva, numero=742, localidad=Springfield, provincia=USA)
[2024-06-03 19:40:07] [ INFO ] [DomicilioDAOH2:51] iniciando la operacion de : Buscado de un domicilio
[2024-06-03 19:40:07] [ INFO ] [DomicilioDAOH2:53] estoy en domicilio 2
[2024-06-03 19:40:07] [ INFO ] [DomicilioDAOH2:69] estoy en domicilio 2Domicilio(id=2, calle=Siempre viva, numero=742, localidad=Springfield, provincia=USA)
[2024-06-03 19:40:07] [ INFO ] [DomicilioDAOH2:51] iniciando la operacion de : Buscado de un domicilio
[2024-06-03 19:40:07] [ INFO ] [DomicilioDAOH2:53] estoy en domicilio 3
[2024-06-03 19:40:07] [ INFO ] [DomicilioDAOH2:69] estoy en domicilio 2Domicilio(id=3, calle=calle 54 #, numero=94, localidad=Cali, provincia=Valle del cauca)
[2024-06-03 19:40:10] [ INFO ] [PacienteDAOH2:58] iniciando la busqueda de un paciente por id: 3
[2024-06-03 19:40:10] [ INFO ] [DomicilioDAOH2:51] iniciando la operacion de : Buscado de un domicilio
[2024-06-03 19:40:10] [ INFO ] [DomicilioDAOH2:53] estoy en domicilio 3
[2024-06-03 19:40:10] [ INFO ] [DomicilioDAOH2:69] estoy en domicilio 2Domicilio(id=3, calle=calle 54 #, numero=94, localidad=Cali, provincia=Valle del cauca)
[2024-06-03 19:40:10] [ INFO ] [PacienteDAOH2:71] estoy en busqueda de paciente por id con el id domicilio: 3
[2024-06-03 19:40:10] [ INFO ] [PacienteDAOH2:80] estoy en busqueda de paciente retorno final: Paciente(id=3, nombre=Carol, apellido=fernandez, cedula=44589666, fechaIngreso=2021-08-05, domicilio=Domicilio(id=3, calle=calle 54 #, numero=94, localidad=Cali, provincia=Valle del cauca), email=carol280696@gmail.com)
[2024-06-03 19:40:10] [ INFO ] [PacienteDAOH2:113] eliminando registro
[2024-06-03 19:40:10] [ INFO ] [PacienteDAOH2:120] Paciente eliminado
[2024-06-03 19:41:43] [ INFO ] [OdontologoDAOH2:105] iniciando la busqueda de todos los Odontologos
[2024-06-03 19:41:45] [ INFO ] [PacienteDAOH2:130] iniciando la busqueda de todos los pacientes
[2024-06-03 19:41:45] [ INFO ] [DomicilioDAOH2:51] iniciando la operacion de : Buscado de un domicilio
[2024-06-03 19:41:45] [ INFO ] [DomicilioDAOH2:53] estoy en domicilio 1
[2024-06-03 19:41:45] [ INFO ] [DomicilioDAOH2:69] estoy en domicilio 2Domicilio(id=1, calle=Siempre viva, numero=742, localidad=Springfield, provincia=USA)
[2024-06-03 19:41:45] [ INFO ] [DomicilioDAOH2:51] iniciando la operacion de : Buscado de un domicilio
[2024-06-03 19:41:45] [ INFO ] [DomicilioDAOH2:53] estoy en domicilio 2
[2024-06-03 19:41:45] [ INFO ] [DomicilioDAOH2:69] estoy en domicilio 2Domicilio(id=2, calle=Siempre viva, numero=742, localidad=Springfield, provincia=USA)
[2024-06-03 19:44:11] [ INFO ] [BD:42] tabla creada con exito
[2024-06-03 19:44:19] [ INFO ] [PacienteDAOH2:130] iniciando la busqueda de todos los pacientes
[2024-06-03 19:44:19] [ INFO ] [DomicilioDAOH2:51] iniciando la operacion de : Buscado de un domicilio
[2024-06-03 19:44:19] [ INFO ] [DomicilioDAOH2:53] estoy en domicilio 1
[2024-06-03 19:44:19] [ INFO ] [DomicilioDAOH2:69] estoy en domicilio 2Domicilio(id=1, calle=Siempre viva, numero=742, localidad=Springfield, provincia=USA)
[2024-06-03 19:44:19] [ INFO ] [DomicilioDAOH2:51] iniciando la operacion de : Buscado de un domicilio
[2024-06-03 19:44:19] [ INFO ] [DomicilioDAOH2:53] estoy en domicilio 2
[2024-06-03 19:44:19] [ INFO ] [DomicilioDAOH2:69] estoy en domicilio 2Domicilio(id=2, calle=Siempre viva, numero=742, localidad=Springfield, provincia=USA)
[2024-06-03 19:44:32] [ INFO ] [PacienteDAOH2:130] iniciando la busqueda de todos los pacientes
[2024-06-03 19:44:32] [ INFO ] [DomicilioDAOH2:51] iniciando la operacion de : Buscado de un domicilio
[2024-06-03 19:44:32] [ INFO ] [DomicilioDAOH2:53] estoy en domicilio 1
[2024-06-03 19:44:32] [ INFO ] [DomicilioDAOH2:69] estoy en domicilio 2Domicilio(id=1, calle=Siempre viva, numero=742, localidad=Springfield, provincia=USA)
[2024-06-03 19:44:32] [ INFO ] [DomicilioDAOH2:51] iniciando la operacion de : Buscado de un domicilio
[2024-06-03 19:44:32] [ INFO ] [DomicilioDAOH2:53] estoy en domicilio 2
[2024-06-03 19:44:32] [ INFO ] [DomicilioDAOH2:69] estoy en domicilio 2Domicilio(id=2, calle=Siempre viva, numero=742, localidad=Springfield, provincia=USA)
[2024-06-03 19:44:47] [ INFO ] [OdontologoDAOH2:105] iniciando la busqueda de todos los Odontologos
[2024-06-03 19:44:48] [ INFO ] [PacienteDAOH2:130] iniciando la busqueda de todos los pacientes
[2024-06-03 19:44:48] [ INFO ] [DomicilioDAOH2:51] iniciando la operacion de : Buscado de un domicilio
[2024-06-03 19:44:48] [ INFO ] [DomicilioDAOH2:53] estoy en domicilio 1
[2024-06-03 19:44:48] [ INFO ] [DomicilioDAOH2:69] estoy en domicilio 2Domicilio(id=1, calle=Siempre viva, numero=742, localidad=Springfield, provincia=USA)
[2024-06-03 19:44:48] [ INFO ] [DomicilioDAOH2:51] iniciando la operacion de : Buscado de un domicilio
[2024-06-03 19:44:48] [ INFO ] [DomicilioDAOH2:53] estoy en domicilio 2
[2024-06-03 19:44:48] [ INFO ] [DomicilioDAOH2:69] estoy en domicilio 2Domicilio(id=2, calle=Siempre viva, numero=742, localidad=Springfield, provincia=USA)
[2024-06-03 19:44:49] [ INFO ] [OdontologoDAOH2:105] iniciando la busqueda de todos los Odontologos
[2024-06-03 19:44:50] [ INFO ] [PacienteDAOH2:130] iniciando la busqueda de todos los pacientes
[2024-06-03 19:44:50] [ INFO ] [DomicilioDAOH2:51] iniciando la operacion de : Buscado de un domicilio
[2024-06-03 19:44:50] [ INFO ] [DomicilioDAOH2:53] estoy en domicilio 1
[2024-06-03 19:44:50] [ INFO ] [DomicilioDAOH2:69] estoy en domicilio 2Domicilio(id=1, calle=Siempre viva, numero=742, localidad=Springfield, provincia=USA)
[2024-06-03 19:44:50] [ INFO ] [DomicilioDAOH2:51] iniciando la operacion de : Buscado de un domicilio
[2024-06-03 19:44:50] [ INFO ] [DomicilioDAOH2:53] estoy en domicilio 2
[2024-06-03 19:44:50] [ INFO ] [DomicilioDAOH2:69] estoy en domicilio 2Domicilio(id=2, calle=Siempre viva, numero=742, localidad=Springfield, provincia=USA)
[2024-06-03 19:45:00] [ INFO ] [OdontologoDAOH2:105] iniciando la busqueda de todos los Odontologos
[2024-06-03 19:45:03] [ INFO ] [OdontologoDAOH2:105] iniciando la busqueda de todos los Odontologos
[2024-06-03 19:45:04] [ INFO ] [PacienteDAOH2:130] iniciando la busqueda de todos los pacientes
[2024-06-03 19:45:04] [ INFO ] [DomicilioDAOH2:51] iniciando la operacion de : Buscado de un domicilio
[2024-06-03 19:45:04] [ INFO ] [DomicilioDAOH2:53] estoy en domicilio 1
[2024-06-03 19:45:04] [ INFO ] [DomicilioDAOH2:69] estoy en domicilio 2Domicilio(id=1, calle=Siempre viva, numero=742, localidad=Springfield, provincia=USA)
[2024-06-03 19:45:04] [ INFO ] [DomicilioDAOH2:51] iniciando la operacion de : Buscado de un domicilio
[2024-06-03 19:45:04] [ INFO ] [DomicilioDAOH2:53] estoy en domicilio 2
[2024-06-03 19:45:04] [ INFO ] [DomicilioDAOH2:69] estoy en domicilio 2Domicilio(id=2, calle=Siempre viva, numero=742, localidad=Springfield, provincia=USA)
